PLANE    PORTER                  DRIVER
FN BN  Stat CB SR   Stat  Q1 Q2 Q3 Q4 Q5 Q6  S1 S2 S3
                                                             PASSENGERS
St1 Si1 NR1 NA1 St2 Si2 NR2 NA2 St3 Si3 NR3 NA3 St4 Si4 NR4 NA4 St5 Si5 NR5 NA5 St6 Si6 NR6 NA6
 0  0  WPTL  0  0   PKAT   -  -  -  -  -  -   -  -  - 
--- ---  -   -  --- ---  -   -  --- ---  -   -  --- ---  -   -  --- ---  -   -  --- ---  -   -  
 0  0  WPTL  0  0   PKAT   -  -  -  -  -  -   -  -  - 
--- ---  -   -  --- ---  -   -  --- ---  -   -  --- ---  -   -  --- ---  -   -  --- ---  -   -  
 0  0  WPTL  0  0   PKAT   -  -  -  -  -  -   -  -  - 
--- ---  -   -  --- ---  -   -  --- ---  -   -  --- ---  -   -  --- ---  -   -  --- ---  -   -  
 0  0  WPTL  0  0   PKAT   -  -  -  -  -  -   -  -  - 
--- ---  -   -  --- ---  -   -  --- ---  -   -  --- ---  -   -  --- ---  -   -  --- ---  -   -  
 0  0  WPTL  0  0   PKAT   -  -  -  -  -  -   -  -  - 
--- ---  -   -  --- ---  -   -  --- ---  -   -  --- ---  -   -  --- ---  -   -  --- ---  -   -  
 0  0  WPTL  0  0   PKAT   -  -  -  -  -  -   -  -  - 
--- ---  -   -  --- ---  -   -  --- ---  -   -  --- ---  -   -  --- ---  -   -  --- ---  -   -  
 0  0  WPTL  0  0   PKAT   -  -  -  -  -  -   -  -  - 
--- ---  -   -  --- ---  -   -  --- ---  -   -  --- ---  -   -  --- ---  -   -  --- ---  -   -  
 0  0  WPTL  0  0   PKAT   -  -  -  -  -  -   -  -  - 
--- ---  -   -  --- ---  -   -  --- ---  -   -  --- ---  -   -  --- ---  -   -  --- ---  -   -  
 0  0  WPTL  0  0   PKAT   -  -  -  -  -  -   -  -  - 
--- ---  -   -  --- ---  -   -  --- ---  -   -  --- ---  -   -  --- ---  -   -  --- ---  -   -  
 0  0  WPTL  0  0   PKAT   -  -  -  -  -  -   -  -  - 
--- ---  -   -  --- ---  -   -  --- ---  -   -  --- ---  -   -  --- ---  -   -  --- ---  -   -  
 0  0  WPTL  0  0   PKAT   -  -  -  -  -  -   -  -  - 
--- ---  -   -  --- ---  -   -  --- ---  -   -  --- ---  -   -  --- ---  -   -  --- ---  -   -  
 0  0  WPTL  0  0   PKAT   -  -  -  -  -  -   -  -  - 
--- ---  -   -  --- ---  -   -  --- ---  -   -  --- ---  -   -  --- ---  -   -  --- ---  -   -  
 0  0  WPTL  0  0   PKAT   -  -  -  -  -  -   -  -  - 
--- ---  -   -  --- ---  -   -  --- ---  -   -  --- ---  -   -  --- ---  -   -  --- ---  -   -  
 0  0  WPTL  0  0   PKAT   -  -  -  -  -  -   -  -  - 
--- ---  -   -  --- ---  -   -  --- ---  -   -  --- ---  -   -  --- ---  -   -  --- ---  -   -  
 0  0  WPTL  0  0   PKAT   -  -  -  -  -  -   -  -  - 
--- ---  -   -  --- ---  -   -  --- ---  -   -  --- ---  -   -  --- ---  -   -  --- ---  -   -  
 0  0  WPTL  0  0   PKAT   -  -  -  -  -  -   -  -  - 
--- ---  -   -  --- ---  -   -  --- ---  -   -  --- ---  -   -  --- ---  -   -  --- ---  -   -  
 0  0  WPTL  0  0   PKAT   -  -  -  -  -  -   -  -  - 
--- ---  -   -  --- ---  -   -  --- ---  -   -  --- ---  -   -  --- ---  -   -  --- ---  -   -  
 0  0  WPTL  0  0   PKAT   -  -  -  -  -  -   -  -  - 
--- ---  -   -  --- ---  -   -  --- ---  -   -  --- ---  -   -  --- ---  -   -  --- ---  -   -  
 1  6  WPTL  0  0   PKAT   -  -  -  -  -  -   -  -  - 
--- ---  -   -  --- ---  -   -  --- ---  -   -  --- ---  -   -  --- ---  -   -  --- ---  -   -  
 1  6  WPTL  0  0   PKAT   -  -  -  -  -  -   -  -  - 
WSD FDT  0   0  --- ---  -   -  --- ---  -   -  --- ---  -   -  --- ---  -   -  --- ---  -   -  
 1  6  WPTL  0  0   PKAT   -  -  -  -  -  -   -  -  - 
WSD FDT  0   0  --- ---  -   -  --- ---  -   -  --- ---  -   -  WSD TRT  1   0  --- ---  -   -  
 1  6  WPTL  0  0   PKAT   -  -  -  -  -  -   -  -  - 
WSD FDT  0   0  --- ---  -   -  --- ---  -   -  WSD TRT  1   0  WSD TRT  1   0  --- ---  -   -  
 1  6  WPTL  0  0   PKAT   -  -  -  -  -  -   -  -  - 
WSD FDT  0   0  --- ---  -   -  --- ---  -   -  WSD TRT  1   0  WSD TRT  1   0  WSD FDT  2   0  
 1  6  WPTL  0  0   PKAT   -  -  -  -  -  -   -  -  - 
WSD FDT  0   0  --- ---  -   -  WSD TRT  1   0  WSD TRT  1   0  WSD TRT  1   0  WSD FDT  2   0  
 1  6  WPTL  0  0   PKAT   -  -  -  -  -  -   -  -  - 
WSD FDT  0   0  --- ---  -   -  WSD TRT  1   0  WSD TRT  1   0  WSD TRT  1   0  WSD FDT  2   0  
 1  6  WPTL  0  0   PKAT   -  -  -  -  -  -   -  -  - 
WSD FDT  0   0  WSD FDT  1   0  WSD TRT  1   0  WSD TRT  1   0  WSD TRT  1   0  WSD FDT  2   0  
 1  6  WPTL  0  0   PKAT   -  -  -  -  -  -   -  -  - 
WSD FDT  0   0  WSD FDT  1   0  WSD TRT  1   0  WSD TRT  1   0  WSD TRT  1   0  WSD FDT  2   0  
 1  6  WPTL  0  0   PKAT   -  -  -  -  -  -   -  -  - 
WSD FDT  0   0  WSD FDT  1   0  WSD TRT  1   0  WSD TRT  1   0  WSD TRT  1   0  WSD FDT  2   0  
 1  6  WPTL  0  0   PKAT   -  -  -  -  -  -   -  -  - 
WSD FDT  0   0  WSD FDT  1   0  WSD TRT  1   0  WSD TRT  1   0  WSD TRT  1   0  WSD FDT  2   0  
 1  6  WPTL  0  0   PKAT   -  -  -  -  -  -   -  -  - 
EAT FDT  0   0  WSD FDT  1   0  WSD TRT  1   0  WSD TRT  1   0  WSD TRT  1   0  WSD FDT  2   0  
 1  6  WPTL  0  0   PKAT   -  -  -  -  -  -   -  -  - 
EAT FDT  0   0  WSD FDT  1   0  WSD TRT  1   0  ATT TRT  1   0  WSD TRT  1   0  WSD FDT  2   0  
 1  6  WPTL  0  0   PKAT   -  -  -  -  -  -   -  -  - 
EAT FDT  0   0  WSD FDT  1   0  ATT TRT  1   0  ATT TRT  1   0  WSD TRT  1   0  WSD FDT  2   0  
 1  6  APLH  0  0   PKAT   -  -  -  -  -  -   -  -  - 
EAT FDT  0   0  WSD FDT  1   0  ATT TRT  1   0  ATT TRT  1   0  WSD TRT  1   0  WSD FDT  2   0  
 1  6  APLH  0  0   PKAT   -  -  -  -  -  -   -  -  - 
EAT FDT  0   0  WSD FDT  1   0  ATT TRT  1   0  ATT TRT  1   0  WSD TRT  1   0  WSD FDT  2   0  
 1  6  APLH  0  0   PKAT   -  -  -  -  -  -   -  -  - 
EAT FDT  0   0  WSD FDT  1   0  ATT TRT  1   0  ATT TRT  1   0  WSD TRT  1   0  LCP FDT  2   0  
 1  6  APLH  0  0   PKAT   -  -  -  -  -  -   -  -  - 
EAT FDT  0   0  WSD FDT  1   0  ATT TRT  1   0  ATT TRT  1   0  WSD TRT  1   0  LCP FDT  2   0  
 1  6  APLH  0  0   PKAT   -  -  -  -  -  -   -  -  - 
EAT FDT  0   0  WSD FDT  1   0  ATT TRT  1   0  ATT TRT  1   0  WSD TRT  1   0  LCP FDT  2   0  
 1  6  APLH  0  0   PKAT   -  -  -  -  -  -   -  -  - 
EAT FDT  0   0  LCP FDT  1   0  ATT TRT  1   0  ATT TRT  1   0  WSD TRT  1   0  LCP FDT  2   0  
 1  6  APLH  0  0   PKAT   -  -  -  -  -  -   -  -  - 
EAT FDT  0   0  LCP FDT  1   0  ATT TRT  1   0  ATT TRT  1   0  ATT TRT  1   0  LCP FDT  2   0  
 1  5  APLH  0  0   PKAT   -  -  -  -  -  -   -  -  - 
EAT FDT  0   0  LCP FDT  1   0  ATT TRT  1   0  ATT TRT  1   0  ATT TRT  1   0  LCP FDT  2   0  
 1  5  APLH  0  0   PKAT   3  -  -  -  -  -   -  -  - 
EAT FDT  0   0  LCP FDT  1   0  ATT TRT  1   0  ATT TRT  1   0  ATT TRT  1   0  LCP FDT  2   0  
 1  5  APLH  0  0   PKAT   3  -  -  -  -  -   -  -  - 
EAT FDT  0   0  LCP FDT  1   0  ATT TRT  1   0  ATT TRT  1   0  ATT TRT  1   0  LCP FDT  2   0  
 1  5  ALCB  0  0   PKAT   3  -  -  -  -  -   -  -  - 
EAT FDT  0   0  LCP FDT  1   0  ATT TRT  1   0  ATT TRT  1   0  ATT TRT  1   0  LCP FDT  2   0  
 1  5  ALCB  0  0   PKAT   3  4  -  -  -  -   -  -  - 
EAT FDT  0   0  LCP FDT  1   0  ATT TRT  1   0  ATT TRT  1   0  ATT TRT  1   0  LCP FDT  2   0  
 1  5  ALCB  0  0   PKAT   3  4  5  -  -  -   -  -  - 
EAT FDT  0   0  LCP FDT  1   0  ATT TRT  1   0  ATT TRT  1   0  ATT TRT  1   0  LCP FDT  2   0  
 1  5  ALCB  1  0   PKAT   3  4  5  -  -  -   -  -  - 
EAT FDT  0   0  LCP FDT  1   0  ATT TRT  1   0  ATT TRT  1   0  ATT TRT  1   0  LCP FDT  2   0  
 1  5  ALCB  1  0   DRFW   3  4  5  -  -  -   -  -  - 
EAT FDT  0   0  LCP FDT  1   0  ATT TRT  1   0  ATT TRT  1   0  ATT TRT  1   0  LCP FDT  2   0  
 1  5  ALCB  1  0   DRFW   3  4  5  -  -  -   -  -  - 
EAT FDT  0   0  LCP FDT  1   0  TRT TRT  1   0  ATT TRT  1   0  ATT TRT  1   0  LCP FDT  2   0  
 1  5  APLH  1  0   DRFW   3  4  5  -  -  -   -  -  - 
EAT FDT  0   0  LCP FDT  1   0  TRT TRT  1   0  ATT TRT  1   0  ATT TRT  1   0  LCP FDT  2   0  
 1  5  APLH  1  0   DRFW   3  4  5  -  -  -   -  -  - 
EAT FDT  0   0  LCP FDT  1   0  TRT TRT  1   0  TRT TRT  1   0  ATT TRT  1   0  LCP FDT  2   0  
 1  5  APLH  1  0   DRFW   3  4  5  -  -  -   -  -  - 
EAT FDT  0   0  LCP FDT  1   0  TRT TRT  1   0  TRT TRT  1   0  ATT TRT  1   0  LCP FDT  2   0  
 1  5  APLH  1  0   DRFW   3  4  5  -  -  -   -  -  - 
EAT FDT  0   0  LCP FDT  1   1  TRT TRT  1   0  TRT TRT  1   0  ATT TRT  1   0  LCP FDT  2   0  
 1  5  APLH  1  0   DRFW   3  4  5  -  -  -   -  -  - 
EAT FDT  0   0  LCP FDT  1   1  TRT TRT  1   0  TRT TRT  1   0  TRT TRT  1   0  LCP FDT  2   0  
 1  5  APLH  1  0   DRFW   4  5  -  -  -  -   -  -  - 
EAT FDT  0   0  LCP FDT  1   1  TRT TRT  1   0  TRT TRT  1   0  TRT TRT  1   0  LCP FDT  2   0  
 1  5  APLH  1  0   DRFW   4  5  -  -  -  -   -  -  - 
EAT FDT  0   0  EAT FDT  1   1  TRT TRT  1   0  TRT TRT  1   0  TRT TRT  1   0  LCP FDT  2   0  
 1  4  APLH  1  0   DRFW   4  5  -  -  -  -   -  -  - 
EAT FDT  0   0  EAT FDT  1   1  TRT TRT  1   0  TRT TRT  1   0  TRT TRT  1   0  LCP FDT  2   0  
 1  4  APLH  1  0   DRFW   4  5  -  -  -  -   3  -  - 
EAT FDT  0   0  EAT FDT  1   1  TRT TRT  1   0  TRT TRT  1   0  TRT TRT  1   0  LCP FDT  2   0  
 1  4  APLH  1  0   DRFW   4  5  -  -  -  -   3  -  - 
EAT FDT  0   0  EAT FDT  1   1  TRT TRT  1   0  TRT TRT  1   0  TRT TRT  1   0  LCP FDT  2   0  
 1  4  APLH  1  0   DRFW   4  5  -  -  -  -   3  -  - 
EAT FDT  0   0  EAT FDT  1   1  DTT TRT  1   0  TRT TRT  1   0  TRT TRT  1   0  LCP FDT  2   0  
 1  4  APLH  1  0   DRFW   5  -  -  -  -  -   3  -  - 
EAT FDT  0   0  EAT FDT  1   1  DTT TRT  1   0  TRT TRT  1   0  TRT TRT  1   0  LCP FDT  2   0  
 1  4  ASTR  1  0   DRFW   5  -  -  -  -  -   3  -  - 
EAT FDT  0   0  EAT FDT  1   1  DTT TRT  1   0  TRT TRT  1   0  TRT TRT  1   0  LCP FDT  2   0  
 1  4  ASTR  1  0   DRFW   5  -  -  -  -  -   3  4  - 
EAT FDT  0   0  EAT FDT  1   1  DTT TRT  1   0  TRT TRT  1   0  TRT TRT  1   0  LCP FDT  2   0  
 1  4  ASTR  1  0   DRFW   5  -  -  -  -  -   3  4  - 
EAT FDT  0   0  EAT FDT  1   1  DTT TRT  1   0  DTT TRT  1   0  TRT TRT  1   0  LCP FDT  2   0  
 1  4  ASTR  1  0   DRFW   -  -  -  -  -  -   3  4  - 
EAT FDT  0   0  EAT FDT  1   1  DTT TRT  1   0  DTT TRT  1   0  TRT TRT  1   0  LCP FDT  2   0  
 1  4  ASTR  1  0   DRFW   -  -  -  -  -  -   3  4  5 
EAT FDT  0   0  EAT FDT  1   1  DTT TRT  1   0  DTT TRT  1   0  TRT TRT  1   0  LCP FDT  2   0  
 1  4  ASTR  1  0   DRFW   -  -  -  -  -  -   3  4  5 
EAT FDT  0   0  EAT FDT  1   1  DTT TRT  1   0  DTT TRT  1   0  DTT TRT  1   0  LCP FDT  2   0  
 1  4  ASTR  1  0   PKDT   -  -  -  -  -  -   3  4  5 
EAT FDT  0   0  EAT FDT  1   1  DTT TRT  1   0  DTT TRT  1   0  DTT TRT  1   0  LCP FDT  2   0  
 1  4  ASTR  1  0   PKDT   -  -  -  -  -  -   -  4  5 
EAT FDT  0   0  EAT FDT  1   1  DTT TRT  1   0  DTT TRT  1   0  DTT TRT  1   0  LCP FDT  2   0  
 1  4  ASTR  1  1   PKDT   -  -  -  -  -  -   -  4  5 
EAT FDT  0   0  EAT FDT  1   1  DTT TRT  1   0  DTT TRT  1   0  DTT TRT  1   0  LCP FDT  2   0  
 1  4  ASTR  1  1   PKDT   -  -  -  -  -  -   -  -  5 
EAT FDT  0   0  EAT FDT  1   1  DTT TRT  1   0  DTT TRT  1   0  DTT TRT  1   0  LCP FDT  2   0  
 1  4  ASTR  1  1   PKDT   -  -  -  -  -  -   -  -  5 
EAT FDT  0   0  EAT FDT  1   1  EDT TRT  1   0  DTT TRT  1   0  DTT TRT  1   0  LCP FDT  2   0  
 1  4  APLH  1  1   PKDT   -  -  -  -  -  -   -  -  5 
EAT FDT  0   0  EAT FDT  1   1  EDT TRT  1   0  DTT TRT  1   0  DTT TRT  1   0  LCP FDT  2   0  
 1  4  APLH  1  1   PKDT   -  -  -  -  -  -   -  -  - 
EAT FDT  0   0  EAT FDT  1   1  EDT TRT  1   0  DTT TRT  1   0  DTT TRT  1   0  LCP FDT  2   0  
 1  4  APLH  1  1   PKDT   -  -  -  -  -  -   -  -  - 
EAT FDT  0   0  EAT FDT  1   1  EDT TRT  1   0  EDT TRT  1   0  DTT TRT  1   0  LCP FDT  2   0  
 1  3  APLH  1  1   PKDT   -  -  -  -  -  -   -  -  - 
EAT FDT  0   0  EAT FDT  1   1  EDT TRT  1   0  EDT TRT  1   0  DTT TRT  1   0  LCP FDT  2   0  
 1  3  APLH  1  1   DRBW   -  -  -  -  -  -   -  -  - 
EAT FDT  0   0  EAT FDT  1   1  EDT TRT  1   0  EDT TRT  1   0  DTT TRT  1   0  LCP FDT  2   0  
 1  3  APLH  1  1   DRBW   -  -  -  -  -  -   -  -  - 
EAT FDT  0   0  EAT FDT  1   1  EDT TRT  1   0  EDT TRT  1   0  DTT TRT  1   0  LCP FDT  2   0  
 1  3  APLH  1  1   PKAT   -  -  -  -  -  -   -  -  - 
EAT FDT  0   0  EAT FDT  1   1  EDT TRT  1   0  EDT TRT  1   0  DTT TRT  1   0  LCP FDT  2   0  
 1  3  APLH  1  1   PKAT   -  -  -  -  -  -   -  -  - 
EAT FDT  0   0  EAT FDT  1   1  EDT TRT  1   0  EDT TRT  1   0  EDT TRT  1   0  LCP FDT  2   0  
 1  3  ASTR  1  1   PKAT   -  -  -  -  -  -   -  -  - 
EAT FDT  0   0  EAT FDT  1   1  EDT TRT  1   0  EDT TRT  1   0  EDT TRT  1   0  LCP FDT  2   0  
 1  3  ASTR  1  2   PKAT   -  -  -  -  -  -   -  -  - 
EAT FDT  0   0  EAT FDT  1   1  EDT TRT  1   0  EDT TRT  1   0  EDT TRT  1   0  LCP FDT  2   0  
 1  3  ASTR  1  2   PKAT   -  -  -  -  -  -   -  -  - 
EAT FDT  0   0  EAT FDT  1   1  EDT TRT  1   0  EDT TRT  1   0  EDT TRT  1   0  LCP FDT  2   0  
 1  3  APLH  1  2   PKAT   -  -  -  -  -  -   -  -  - 
EAT FDT  0   0  EAT FDT  1   1  EDT TRT  1   0  EDT TRT  1   0  EDT TRT  1   0  LCP FDT  2   0  
 1  2  APLH  1  2   PKAT   -  -  -  -  -  -   -  -  - 
EAT FDT  0   0  EAT FDT  1   1  EDT TRT  1   0  EDT TRT  1   0  EDT TRT  1   0  LCP FDT  2   0  
 1  2  APLH  1  2   PKAT   -  -  -  -  -  -   -  -  - 
EAT FDT  0   0  EAT FDT  1   1  EDT TRT  1   0  EDT TRT  1   0  EDT TRT  1   0  LCP FDT  2   0  
 1  2  ASTR  1  2   PKAT   -  -  -  -  -  -   -  -  - 
EAT FDT  0   0  EAT FDT  1   1  EDT TRT  1   0  EDT TRT  1   0  EDT TRT  1   0  LCP FDT  2   0  
 1  2  ASTR  1  3   PKAT   -  -  -  -  -  -   -  -  - 
EAT FDT  0   0  EAT FDT  1   1  EDT TRT  1   0  EDT TRT  1   0  EDT TRT  1   0  LCP FDT  2   0  
 1  2  APLH  1  3   PKAT   -  -  -  -  -  -   -  -  - 
EAT FDT  0   0  EAT FDT  1   1  EDT TRT  1   0  EDT TRT  1   0  EDT TRT  1   0  LCP FDT  2   0  
 1  1  APLH  1  3   PKAT   -  -  -  -  -  -   -  -  - 
EAT FDT  0   0  EAT FDT  1   1  EDT TRT  1   0  EDT TRT  1   0  EDT TRT  1   0  LCP FDT  2   0  
 1  1  APLH  1  3   PKAT   -  -  -  -  -  -   -  -  - 
EAT FDT  0   0  EAT FDT  1   1  EDT TRT  1   0  EDT TRT  1   0  EDT TRT  1   0  LCP FDT  2   0  
 1  1  ALCB  1  3   PKAT   -  -  -  -  -  -   -  -  - 
EAT FDT  0   0  EAT FDT  1   1  EDT TRT  1   0  EDT TRT  1   0  EDT TRT  1   0  LCP FDT  2   0  
 1  1  ALCB  2  3   PKAT   -  -  -  -  -  -   -  -  - 
EAT FDT  0   0  EAT FDT  1   1  EDT TRT  1   0  EDT TRT  1   0  EDT TRT  1   0  LCP FDT  2   0  
 1  1  ALCB  2  3   PKAT   -  -  -  -  -  -   -  -  - 
EAT FDT  0   0  EAT FDT  1   1  EDT TRT  1   0  EDT TRT  1   0  EDT TRT  1   0  LCP FDT  2   0  
 1  1  APLH  2  3   PKAT   -  -  -  -  -  -   -  -  - 
EAT FDT  0   0  EAT FDT  1   1  EDT TRT  1   0  EDT TRT  1   0  EDT TRT  1   0  LCP FDT  2   0  
 1  1  APLH  2  3   PKAT   -  -  -  -  -  -   -  -  - 
EAT FDT  0   0  EAT FDT  1   1  EDT TRT  1   0  EDT TRT  1   0  EDT TRT  1   0  LCP FDT  2   1  
 1  0  APLH  2  3   PKAT   -  -  -  -  -  -   -  -  - 
EAT FDT  0   0  EAT FDT  1   1  EDT TRT  1   0  EDT TRT  1   0  EDT TRT  1   0  LCP FDT  2   1  
 1  0  APLH  2  3   PKAT   -  -  -  -  -  -   -  -  - 
EAT FDT  0   0  EAT FDT  1   1  EDT TRT  1   0  EDT TRT  1   0  EDT TRT  1   0  LCP FDT  2   1  
 1  0  APLH  2  3   PKAT   -  -  -  -  -  -   -  -  - 
EAT FDT  0   0  EAT FDT  1   1  EDT TRT  1   0  EDT TRT  1   0  EDT TRT  1   0  LCP FDT  2   1  
 1  0  ALCB  2  3   PKAT   -  -  -  -  -  -   -  -  - 
EAT FDT  0   0  EAT FDT  1   1  EDT TRT  1   0  EDT TRT  1   0  EDT TRT  1   0  LCP FDT  2   1  
 1  0  ALCB  3  3   PKAT   -  -  -  -  -  -   -  -  - 
EAT FDT  0   0  EAT FDT  1   1  EDT TRT  1   0  EDT TRT  1   0  EDT TRT  1   0  LCP FDT  2   1  
 1  0  ALCB  3  3   PKAT   -  -  -  -  -  -   -  -  - 
EAT FDT  0   0  EAT FDT  1   1  EDT TRT  1   0  EDT TRT  1   0  EDT TRT  1   0  LCP FDT  2   1  
 1  0  APLH  3  3   PKAT   -  -  -  -  -  -   -  -  - 
EAT FDT  0   0  EAT FDT  1   1  EDT TRT  1   0  EDT TRT  1   0  EDT TRT  1   0  LCP FDT  2   1  
 1  0  APLH  3  3   PKAT   -  -  -  -  -  -   -  -  - 
EAT FDT  0   0  EAT FDT  1   1  EDT TRT  1   0  EDT TRT  1   0  EDT TRT  1   0  LCP FDT  2   2  
 1  0  APLH  3  3   PKAT   -  -  -  -  -  -   -  -  - 
EAT FDT  0   0  EAT FDT  1   1  EDT TRT  1   0  EDT TRT  1   0  EDT TRT  1   0  LCP FDT  2   2  
 1  0  APLH  3  3   PKAT   -  -  -  -  -  -   -  -  - 
EAT FDT  0   0  EAT FDT  1   1  EDT TRT  1   0  EDT TRT  1   0  EDT TRT  1   0  EAT FDT  2   2  
 1  0  WPTL  3  3   PKAT   -  -  -  -  -  -   -  -  - 
EAT FDT  0   0  EAT FDT  1   1  EDT TRT  1   0  EDT TRT  1   0  EDT TRT  1   0  EAT FDT  2   2  
 1  0  WPTL  3  3   PKAT   -  -  -  -  -  -   -  -  - 
EAT FDT  0   0  EAT FDT  1   1  EDT TRT  1   0  EDT TRT  1   0  EDT TRT  1   0  EAT FDT  2   2  
 1  0  WPTL  3  3   PKAT   -  -  -  -  -  -   -  -  - 
EAT FDT  0   0  EAT FDT  1   1  EDT TRT  1   0  EDT TRT  1   0  EDT TRT  1   0  EAT FDT  2   2  
 1  0  WPTL  3  3   PKAT   -  -  -  -  -  -   -  -  - 
EAT FDT  0   0  EAT FDT  1   1  EDT TRT  1   0  EDT TRT  1   0  EDT TRT  1   0  EAT FDT  2   2  
 2  7  WPTL  3  3   PKAT   -  -  -  -  -  -   -  -  - 
EAT FDT  0   0  EAT FDT  1   1  EDT TRT  1   0  EDT TRT  1   0  EDT TRT  1   0  EAT FDT  2   2  
 2  7  WPTL  3  3   PKAT   -  -  -  -  -  -   -  -  - 
WSD TRT  1   0  EAT FDT  1   1  EDT TRT  1   0  EDT TRT  1   0  EDT TRT  1   0  EAT FDT  2   2  
 2  7  WPTL  3  3   PKAT   -  -  -  -  -  -   -  -  - 
WSD TRT  1   0  WSD TRT  2   0  EDT TRT  1   0  EDT TRT  1   0  EDT TRT  1   0  EAT FDT  2   2  
 2  7  WPTL  3  3   PKAT   -  -  -  -  -  -   -  -  - 
WSD TRT  1   0  WSD TRT  2   0  EDT TRT  1   0  WSD TRT  2   0  EDT TRT  1   0  EAT FDT  2   2  
 2  7  WPTL  3  3   PKAT   -  -  -  -  -  -   -  -  - 
WSD TRT  1   0  WSD TRT  2   0  WSD FDT  0   0  WSD TRT  2   0  EDT TRT  1   0  EAT FDT  2   2  
 2  7  WPTL  3  3   PKAT   -  -  -  -  -  -   -  -  - 
WSD TRT  1   0  WSD TRT  2   0  WSD FDT  0   0  WSD TRT  2   0  WSD FDT  2   0  EAT FDT  2   2  
 2  7  WPTL  3  3   PKAT   -  -  -  -  -  -   -  -  - 
WSD TRT  1   0  WSD TRT  2   0  WSD FDT  0   0  WSD TRT  2   0  WSD FDT  2   0  WSD TRT  1   0  
 2  7  WPTL  3  3   PKAT   -  -  -  -  -  -   -  -  - 
WSD TRT  1   0  WSD TRT  2   0  WSD FDT  0   0  WSD TRT  2   0  WSD FDT  2   0  WSD TRT  1   0  
 2  7  WPTL  3  3   PKAT   -  -  -  -  -  -   -  -  - 
WSD TRT  1   0  WSD TRT  2   0  WSD FDT  0   0  WSD TRT  2   0  WSD FDT  2   0  WSD TRT  1   0  
 2  7  WPTL  3  3   PKAT   -  -  -  -  -  -   -  -  - 
WSD TRT  1   0  WSD TRT  2   0  WSD FDT  0   0  WSD TRT  2   0  WSD FDT  2   0  WSD TRT  1   0  
 2  7  WPTL  3  3   PKAT   -  -  -  -  -  -   -  -  - 
WSD TRT  1   0  WSD TRT  2   0  WSD FDT  0   0  WSD TRT  2   0  WSD FDT  2   0  WSD TRT  1   0  
 2  7  WPTL  3  3   PKAT   -  -  -  -  -  -   -  -  - 
WSD TRT  1   0  WSD TRT  2   0  WSD FDT  0   0  WSD TRT  2   0  WSD FDT  2   0  WSD TRT  1   0  
 2  7  WPTL  3  3   PKAT   -  -  -  -  -  -   -  -  - 
WSD TRT  1   0  WSD TRT  2   0  WSD FDT  0   0  WSD TRT  2   0  WSD FDT  2   0  WSD TRT  1   0  
 2  7  APLH  3  3   PKAT   -  -  -  -  -  -   -  -  - 
WSD TRT  1   0  WSD TRT  2   0  WSD FDT  0   0  WSD TRT  2   0  WSD FDT  2   0  WSD TRT  1   0  
 2  7  APLH  3  3   PKAT   -  -  -  -  -  -   -  -  - 
WSD TRT  1   0  WSD TRT  2   0  WSD FDT  0   0  WSD TRT  2   0  WSD FDT  2   0  WSD TRT  1   0  
 2  7  APLH  3  3   PKAT   -  -  -  -  -  -   -  -  - 
WSD TRT  1   0  ATT TRT  2   0  WSD FDT  0   0  WSD TRT  2   0  WSD FDT  2   0  WSD TRT  1   0  
 2  7  APLH  3  3   PKAT   -  -  -  -  -  -   -  -  - 
WSD TRT  1   0  ATT TRT  2   0  EAT FDT  0   0  WSD TRT  2   0  WSD FDT  2   0  WSD TRT  1   0  
 2  7  APLH  3  3   PKAT   -  -  -  -  -  -   -  -  - 
WSD TRT  1   0  ATT TRT  2   0  EAT FDT  0   0  ATT TRT  2   0  WSD FDT  2   0  WSD TRT  1   0  
 2  7  APLH  3  3   PKAT   -  -  -  -  -  -   -  -  - 
ATT TRT  1   0  ATT TRT  2   0  EAT FDT  0   0  ATT TRT  2   0  WSD FDT  2   0  WSD TRT  1   0  
 2  7  APLH  3  3   PKAT   -  -  -  -  -  -   -  -  - 
ATT TRT  1   0  ATT TRT  2   0  EAT FDT  0   0  ATT TRT  2   0  WSD FDT  2   0  ATT TRT  1   0  
 2  7  APLH  3  3   PKAT   -  -  -  -  -  -   -  -  - 
ATT TRT  1   0  ATT TRT  2   0  EAT FDT  0   0  ATT TRT  2   0  LCP FDT  2   0  ATT TRT  1   0  
 2  7  APLH  3  3   PKAT   2  -  -  -  -  -   -  -  - 
ATT TRT  1   0  ATT TRT  2   0  EAT FDT  0   0  ATT TRT  2   0  LCP FDT  2   0  ATT TRT  1   0  
 2  6  APLH  3  3   PKAT   2  -  -  -  -  -   -  -  - 
ATT TRT  1   0  ATT TRT  2   0  EAT FDT  0   0  ATT TRT  2   0  LCP FDT  2   0  ATT TRT  1   0  
 2  6  APLH  3  3   PKAT   2  4  -  -  -  -   -  -  - 
ATT TRT  1   0  ATT TRT  2   0  EAT FDT  0   0  ATT TRT  2   0  LCP FDT  2   0  ATT TRT  1   0  
 2  6  APLH  3  3   PKAT   2  4  -  -  -  -   -  -  - 
ATT TRT  1   0  ATT TRT  2   0  EAT FDT  0   0  ATT TRT  2   0  LCP FDT  2   0  ATT TRT  1   0  
 2  6  ASTR  3  3   PKAT   2  4  -  -  -  -   -  -  - 
ATT TRT  1   0  ATT TRT  2   0  EAT FDT  0   0  ATT TRT  2   0  LCP FDT  2   0  ATT TRT  1   0  
 2  6  ASTR  3  3   PKAT   2  4  1  -  -  -   -  -  - 
ATT TRT  1   0  ATT TRT  2   0  EAT FDT  0   0  ATT TRT  2   0  LCP FDT  2   0  ATT TRT  1   0  
 2  6  ASTR  3  3   PKAT   2  4  1  6  -  -   -  -  - 
ATT TRT  1   0  ATT TRT  2   0  EAT FDT  0   0  ATT TRT  2   0  LCP FDT  2   0  ATT TRT  1   0  
 2  6  ASTR  3  3   DRFW   2  4  1  6  -  -   -  -  - 
ATT TRT  1   0  ATT TRT  2   0  EAT FDT  0   0  ATT TRT  2   0  LCP FDT  2   0  ATT TRT  1   0  
 2  6  ASTR  3  4   DRFW   2  4  1  6  -  -   -  -  - 
ATT TRT  1   0  ATT TRT  2   0  EAT FDT  0   0  ATT TRT  2   0  LCP FDT  2   0  ATT TRT  1   0  
 2  6  APLH  3  4   DRFW   2  4  1  6  -  -   -  -  - 
ATT TRT  1   0  ATT TRT  2   0  EAT FDT  0   0  ATT TRT  2   0  LCP FDT  2   0  ATT TRT  1   0  
 2  6  APLH  3  4   DRFW   2  4  1  6  -  -   -  -  - 
TRT TRT  1   0  ATT TRT  2   0  EAT FDT  0   0  ATT TRT  2   0  LCP FDT  2   0  ATT TRT  1   0  
 2  6  APLH  3  4   DRFW   2  4  1  6  -  -   -  -  - 
TRT TRT  1   0  ATT TRT  2   0  EAT FDT  0   0  TRT TRT  2   0  LCP FDT  2   0  ATT TRT  1   0  
 2  6  APLH  3  4   DRFW   2  4  1  6  -  -   -  -  - 
TRT TRT  1   0  TRT TRT  2   0  EAT FDT  0   0  TRT TRT  2   0  LCP FDT  2   0  ATT TRT  1   0  
 2  6  APLH  3  4   PKDT   2  4  1  6  -  -   -  -  - 
TRT TRT  1   0  TRT TRT  2   0  EAT FDT  0   0  TRT TRT  2   0  LCP FDT  2   0  ATT TRT  1   0  
 2  6  APLH  3  4   PKDT   2  4  6  -  -  -   -  -  - 
TRT TRT  1   0  TRT TRT  2   0  EAT FDT  0   0  TRT TRT  2   0  LCP FDT  2   0  ATT TRT  1   0  
 2  5  APLH  3  4   PKDT   2  4  6  -  -  -   -  -  - 
TRT TRT  1   0  TRT TRT  2   0  EAT FDT  0   0  TRT TRT  2   0  LCP FDT  2   0  ATT TRT  1   0  
 2  5  APLH  3  4   PKDT   2  4  6  -  -  -   1  -  - 
TRT TRT  1   0  TRT TRT  2   0  EAT FDT  0   0  TRT TRT  2   0  LCP FDT  2   0  ATT TRT  1   0  
 2  5  APLH  3  4   PKDT   2  6  -  -  -  -   1  -  - 
TRT TRT  1   0  TRT TRT  2   0  EAT FDT  0   0  TRT TRT  2   0  LCP FDT  2   0  ATT TRT  1   0  
 2  5  APLH  3  4   PKDT   2  6  -  -  -  -   1  -  - 
TRT TRT  1   0  TRT TRT  2   0  EAT FDT  0   0  TRT TRT  2   0  LCP FDT  2   0  ATT TRT  1   0  
 2  5  APLH  3  4   PKDT   2  6  -  -  -  -   1  -  - 
DTT TRT  1   0  TRT TRT  2   0  EAT FDT  0   0  TRT TRT  2   0  LCP FDT  2   0  ATT TRT  1   0  
 2  5  APLH  3  4   PKDT   2  6  -  -  -  -   1  4  - 
DTT TRT  1   0  TRT TRT  2   0  EAT FDT  0   0  TRT TRT  2   0  LCP FDT  2   0  ATT TRT  1   0  
 2  5  ASTR  3  4   PKDT   2  6  -  -  -  -   1  4  - 
DTT TRT  1   0  TRT TRT  2   0  EAT FDT  0   0  TRT TRT  2   0  LCP FDT  2   0  ATT TRT  1   0  
 2  5  ASTR  3  4   PKDT   2  6  -  -  -  -   -  4  - 
DTT TRT  1   0  TRT TRT  2   0  EAT FDT  0   0  TRT TRT  2   0  LCP FDT  2   0  ATT TRT  1   0  
 2  5  ASTR  3  4   PKDT   2  6  -  -  -  -   -  4  - 
DTT TRT  1   0  TRT TRT  2   0  EAT FDT  0   0  DTT TRT  2   0  LCP FDT  2   0  ATT TRT  1   0  
 2  5  ASTR  3  4   PKDT   6  -  -  -  -  -   -  4  - 
DTT TRT  1   0  TRT TRT  2   0  EAT FDT  0   0  DTT TRT  2   0  LCP FDT  2   0  ATT TRT  1   0  
 2  5  ASTR  3  5   PKDT   6  -  -  -  -  -   -  4  - 
DTT TRT  1   0  TRT TRT  2   0  EAT FDT  0   0  DTT TRT  2   0  LCP FDT  2   0  ATT TRT  1   0  
 2  5  ASTR  3  5   PKDT   6  -  -  -  -  -   -  4  - 
EDT TRT  1   0  TRT TRT  2   0  EAT FDT  0   0  DTT TRT  2   0  LCP FDT  2   0  ATT TRT  1   0  
 2  5  ASTR  3  5   PKDT   6  -  -  -  -  -   2  4  - 
EDT TRT  1   0  TRT TRT  2   0  EAT FDT  0   0  DTT TRT  2   0  LCP FDT  2   0  ATT TRT  1   0  
 2  5  APLH  3  5   PKDT   6  -  -  -  -  -   2  4  - 
EDT TRT  1   0  TRT TRT  2   0  EAT FDT  0   0  DTT TRT  2   0  LCP FDT  2   0  ATT TRT  1   0  
 2  5  APLH  3  5   PKDT   6  -  -  -  -  -   2  -  - 
EDT TRT  1   0  TRT TRT  2   0  EAT FDT  0   0  DTT TRT  2   0  LCP FDT  2   0  ATT TRT  1   0  
 2  5  APLH  3  5   PKDT   6  -  -  -  -  -   2  -  - 
EDT TRT  1   0  DTT TRT  2   0  EAT FDT  0   0  DTT TRT  2   0  LCP FDT  2   0  ATT TRT  1   0  
 2  5  APLH  3  5   PKDT   6  -  -  -  -  -   2  -  - 
EDT TRT  1   0  DTT TRT  2   0  EAT FDT  0   0  EDT TRT  2   0  LCP FDT  2   0  ATT TRT  1   0  
 2  4  APLH  3  5   PKDT   6  -  -  -  -  -   2  -  - 
EDT TRT  1   0  DTT TRT  2   0  EAT FDT  0   0  EDT TRT  2   0  LCP FDT  2   0  ATT TRT  1   0  
 2  4  APLH  3  5   PKDT   6  -  -  -  -  -   -  -  - 
EDT TRT  1   0  DTT TRT  2   0  EAT FDT  0   0  EDT TRT  2   0  LCP FDT  2   0  ATT TRT  1   0  
 2  4  APLH  3  5   PKDT   6  -  -  -  -  -   -  -  - 
EDT TRT  1   0  EDT TRT  2   0  EAT FDT  0   0  EDT TRT  2   0  LCP FDT  2   0  ATT TRT  1   0  
 2  4  APLH  3  5   PKDT   6  -  -  -  -  -   -  -  - 
EDT TRT  1   0  EDT TRT  2   0  EAT FDT  0   0  EDT TRT  2   0  LCP FDT  2   0  ATT TRT  1   0  
 2  4  ASTR  3  5   PKDT   6  -  -  -  -  -   -  -  - 
EDT TRT  1   0  EDT TRT  2   0  EAT FDT  0   0  EDT TRT  2   0  LCP FDT  2   0  ATT TRT  1   0  
 2  4  ASTR  3  5   DRBW   6  -  -  -  -  -   -  -  - 
EDT TRT  1   0  EDT TRT  2   0  EAT FDT  0   0  EDT TRT  2   0  LCP FDT  2   0  ATT TRT  1   0  
 2  4  ASTR  3  5   PKAT   6  -  -  -  -  -   -  -  - 
EDT TRT  1   0  EDT TRT  2   0  EAT FDT  0   0  EDT TRT  2   0  LCP FDT  2   0  ATT TRT  1   0  
 2  4  ASTR  3  6   PKAT   6  -  -  -  -  -   -  -  - 
EDT TRT  1   0  EDT TRT  2   0  EAT FDT  0   0  EDT TRT  2   0  LCP FDT  2   0  ATT TRT  1   0  
 2  4  APLH  3  6   PKAT   6  -  -  -  -  -   -  -  - 
EDT TRT  1   0  EDT TRT  2   0  EAT FDT  0   0  EDT TRT  2   0  LCP FDT  2   0  ATT TRT  1   0  
 2  4  APLH  3  6   PKAT   6  -  -  -  -  -   -  -  - 
EDT TRT  1   0  EDT TRT  2   0  EAT FDT  0   0  EDT TRT  2   0  LCP FDT  2   0  ATT TRT  1   0  
 2  3  APLH  3  6   PKAT   6  -  -  -  -  -   -  -  - 
EDT TRT  1   0  EDT TRT  2   0  EAT FDT  0   0  EDT TRT  2   0  LCP FDT  2   0  ATT TRT  1   0  
 2  3  APLH  3  6   PKAT   6  -  -  -  -  -   -  -  - 
EDT TRT  1   0  EDT TRT  2   0  EAT FDT  0   0  EDT TRT  2   0  LCP FDT  2   0  ATT TRT  1   0  
 2  3  ASTR  3  6   PKAT   6  -  -  -  -  -   -  -  - 
EDT TRT  1   0  EDT TRT  2   0  EAT FDT  0   0  EDT TRT  2   0  LCP FDT  2   0  ATT TRT  1   0  
 2  3  ASTR  3  7   PKAT   6  -  -  -  -  -   -  -  - 
EDT TRT  1   0  EDT TRT  2   0  EAT FDT  0   0  EDT TRT  2   0  LCP FDT  2   0  ATT TRT  1   0  
 2  3  APLH  3  7   PKAT   6  -  -  -  -  -   -  -  - 
EDT TRT  1   0  EDT TRT  2   0  EAT FDT  0   0  EDT TRT  2   0  LCP FDT  2   0  ATT TRT  1   0  
 2  2  APLH  3  7   PKAT   6  -  -  -  -  -   -  -  - 
EDT TRT  1   0  EDT TRT  2   0  EAT FDT  0   0  EDT TRT  2   0  LCP FDT  2   0  ATT TRT  1   0  
 2  2  APLH  3  7   PKAT   6  -  -  -  -  -   -  -  - 
EDT TRT  1   0  EDT TRT  2   0  EAT FDT  0   0  EDT TRT  2   0  LCP FDT  2   0  ATT TRT  1   0  
 2  2  ALCB  3  7   PKAT   6  -  -  -  -  -   -  -  - 
EDT TRT  1   0  EDT TRT  2   0  EAT FDT  0   0  EDT TRT  2   0  LCP FDT  2   0  ATT TRT  1   0  
 2  2  ALCB  4  7   PKAT   6  -  -  -  -  -   -  -  - 
EDT TRT  1   0  EDT TRT  2   0  EAT FDT  0   0  EDT TRT  2   0  LCP FDT  2   0  ATT TRT  1   0  
 2  2  ALCB  4  7   PKAT   6  -  -  -  -  -   -  -  - 
EDT TRT  1   0  EDT TRT  2   0  EAT FDT  0   0  EDT TRT  2   0  LCP FDT  2   0  ATT TRT  1   0  
 2  2  APLH  4  7   PKAT   6  -  -  -  -  -   -  -  - 
EDT TRT  1   0  EDT TRT  2   0  EAT FDT  0   0  EDT TRT  2   0  LCP FDT  2   0  ATT TRT  1   0  
 2  2  APLH  4  7   PKAT   6  -  -  -  -  -   -  -  - 
EDT TRT  1   0  EDT TRT  2   0  EAT FDT  0   0  EDT TRT  2   0  LCP FDT  2   1  ATT TRT  1   0  
 2  2  APLH  4  7   PKAT   6  -  -  -  -  -   -  -  - 
EDT TRT  1   0  EDT TRT  2   0  EAT FDT  0   0  EDT TRT  2   0  LCP FDT  2   1  ATT TRT  1   0  
 2  1  APLH  4  7   PKAT   6  -  -  -  -  -   -  -  - 
EDT TRT  1   0  EDT TRT  2   0  EAT FDT  0   0  EDT TRT  2   0  LCP FDT  2   1  ATT TRT  1   0  
 2  1  APLH  4  7   PKAT   6  -  -  -  -  -   -  -  - 
EDT TRT  1   0  EDT TRT  2   0  EAT FDT  0   0  EDT TRT  2   0  LCP FDT  2   1  ATT TRT  1   0  
 2  1  ALCB  4  7   PKAT   6  -  -  -  -  -   -  -  - 
EDT TRT  1   0  EDT TRT  2   0  EAT FDT  0   0  EDT TRT  2   0  LCP FDT  2   1  ATT TRT  1   0  
 2  1  ALCB  5  7   PKAT   6  -  -  -  -  -   -  -  - 
EDT TRT  1   0  EDT TRT  2   0  EAT FDT  0   0  EDT TRT  2   0  LCP FDT  2   1  ATT TRT  1   0  
 2  1  ALCB  5  7   PKAT   6  -  -  -  -  -   -  -  - 
EDT TRT  1   0  EDT TRT  2   0  EAT FDT  0   0  EDT TRT  2   0  LCP FDT  2   1  ATT TRT  1   0  
 2  1  APLH  5  7   PKAT   6  -  -  -  -  -   -  -  - 
EDT TRT  1   0  EDT TRT  2   0  EAT FDT  0   0  EDT TRT  2   0  LCP FDT  2   1  ATT TRT  1   0  
 2  1  APLH  5  7   PKAT   6  -  -  -  -  -   -  -  - 
EDT TRT  1   0  EDT TRT  2   0  EAT FDT  0   0  EDT TRT  2   0  LCP FDT  2   2  ATT TRT  1   0  
 2  1  APLH  5  7   PKAT   6  -  -  -  -  -   -  -  - 
EDT TRT  1   0  EDT TRT  2   0  EAT FDT  0   0  EDT TRT  2   0  EAT FDT  2   2  ATT TRT  1   0  
 2  0  APLH  5  7   PKAT   6  -  -  -  -  -   -  -  - 
EDT TRT  1   0  EDT TRT  2   0  EAT FDT  0   0  EDT TRT  2   0  EAT FDT  2   2  ATT TRT  1   0  
 2  0  APLH  5  7   PKAT   6  -  -  -  -  -   -  -  - 
EDT TRT  1   0  EDT TRT  2   0  EAT FDT  0   0  EDT TRT  2   0  EAT FDT  2   2  ATT TRT  1   0  
 2  0  ASTR  5  7   PKAT   6  -  -  -  -  -   -  -  - 
EDT TRT  1   0  EDT TRT  2   0  EAT FDT  0   0  EDT TRT  2   0  EAT FDT  2   2  ATT TRT  1   0  
 2  0  ASTR  5  8   PKAT   6  -  -  -  -  -   -  -  - 
EDT TRT  1   0  EDT TRT  2   0  EAT FDT  0   0  EDT TRT  2   0  EAT FDT  2   2  ATT TRT  1   0  
 2  0  APLH  5  8   PKAT   6  -  -  -  -  -   -  -  - 
EDT TRT  1   0  EDT TRT  2   0  EAT FDT  0   0  EDT TRT  2   0  EAT FDT  2   2  ATT TRT  1   0  
 2  0  APLH  5  8   PKAT   6  -  -  -  -  -   -  -  - 
EDT TRT  1   0  EDT TRT  2   0  EAT FDT  0   0  EDT TRT  2   0  EAT FDT  2   2  ATT TRT  1   0  
 2  0  WPTL  5  8   PKAT   6  -  -  -  -  -   -  -  - 
EDT TRT  1   0  EDT TRT  2   0  EAT FDT  0   0  EDT TRT  2   0  EAT FDT  2   2  ATT TRT  1   0  
 2  0  WPTL  5  8   PKAT   6  -  -  -  -  -   -  -  - 
EDT TRT  1   0  EDT TRT  2   0  EAT FDT  0   0  EDT TRT  2   0  EAT FDT  2   2  ATT TRT  1   0  
 2  0  WPTL  5  8   DRFW   6  -  -  -  -  -   -  -  - 
EDT TRT  1   0  EDT TRT  2   0  EAT FDT  0   0  EDT TRT  2   0  EAT FDT  2   2  ATT TRT  1   0  
 2  0  WPTL  5  8   DRFW   6  -  -  -  -  -   -  -  - 
EDT TRT  1   0  EDT TRT  2   0  EAT FDT  0   0  EDT TRT  2   0  EAT FDT  2   2  TRT TRT  1   0  
 2  0  WPTL  5  8   DRFW   -  -  -  -  -  -   -  -  - 
EDT TRT  1   0  EDT TRT  2   0  EAT FDT  0   0  EDT TRT  2   0  EAT FDT  2   2  TRT TRT  1   0  
 2  0  WPTL  5  8   PKDT   -  -  -  -  -  -   -  -  - 
EDT TRT  1   0  EDT TRT  2   0  EAT FDT  0   0  EDT TRT  2   0  EAT FDT  2   2  TRT TRT  1   0  
 2  0  WPTL  5  8   PKDT   -  -  -  -  -  -   6  -  - 
EDT TRT  1   0  EDT TRT  2   0  EAT FDT  0   0  EDT TRT  2   0  EAT FDT  2   2  TRT TRT  1   0  
 2  0  WPTL  5  8   PKDT   -  -  -  -  -  -   6  -  - 
EDT TRT  1   0  EDT TRT  2   0  EAT FDT  0   0  EDT TRT  2   0  EAT FDT  2   2  DTT TRT  1   0  
 2  0  WPTL  5  8   PKDT   -  -  -  -  -  -   -  -  - 
EDT TRT  1   0  EDT TRT  2   0  EAT FDT  0   0  EDT TRT  2   0  EAT FDT  2   2  DTT TRT  1   0  
 2  0  WPTL  5  8   PKDT   -  -  -  -  -  -   -  -  - 
EDT TRT  1   0  EDT TRT  2   0  EAT FDT  0   0  EDT TRT  2   0  EAT FDT  2   2  EDT TRT  1   0  
 2  0  WPTL  5  8   DRBW   -  -  -  -  -  -   -  -  - 
EDT TRT  1   0  EDT TRT  2   0  EAT FDT  0   0  EDT TRT  2   0  EAT FDT  2   2  EDT TRT  1   0  
 2  0  WPTL  5  8   PKAT   -  -  -  -  -  -   -  -  - 
EDT TRT  1   0  EDT TRT  2   0  EAT FDT  0   0  EDT TRT  2   0  EAT FDT  2   2  EDT TRT  1   0  
 2  0  WPTL  5  8   PKAT   -  -  -  -  -  -   -  -  - 
EDT TRT  1   0  EDT TRT  2   0  EAT FDT  0   0  EDT TRT  2   0  EAT FDT  2   2  EDT TRT  1   0  
 3  3  WPTL  5  8   PKAT   -  -  -  -  -  -   -  -  - 
EDT TRT  1   0  EDT TRT  2   0  EAT FDT  0   0  EDT TRT  2   0  EAT FDT  2   2  EDT TRT  1   0  
 3  3  WPTL  5  8   PKAT   -  -  -  -  -  -   -  -  - 
WSD FDT  1   0  EDT TRT  2   0  EAT FDT  0   0  EDT TRT  2   0  EAT FDT  2   2  EDT TRT  1   0  
 3  3  WPTL  5  8   PKAT   -  -  -  -  -  -   -  -  - 
WSD FDT  1   0  EDT TRT  2   0  WSD FDT  2   0  EDT TRT  2   0  EAT FDT  2   2  EDT TRT  1   0  
 3  3  WPTL  5  8   PKAT   -  -  -  -  -  -   -  -  - 
WSD FDT  1   0  EDT TRT  2   0  WSD FDT  2   0  WSD TRT  0   0  EAT FDT  2   2  EDT TRT  1   0  
 3  3  WPTL  5  8   PKAT   -  -  -  -  -  -   -  -  - 
WSD FDT  1   0  WSD TRT  0   0  WSD FDT  2   0  WSD TRT  0   0  EAT FDT  2   2  EDT TRT  1   0  
 3  3  WPTL  5  8   PKAT   -  -  -  -  -  -   -  -  - 
WSD FDT  1   0  WSD TRT  0   0  WSD FDT  2   0  WSD TRT  0   0  EAT FDT  2   2  WSD FDT  0   0  
 3  3  WPTL  5  8   PKAT   -  -  -  -  -  -   -  -  - 
WSD FDT  1   0  WSD TRT  0   0  WSD FDT  2   0  WSD TRT  0   0  WSD FDT  0   0  WSD FDT  0   0  
 3  3  WPTL  5  8   PKAT   -  -  -  -  -  -   -  -  - 
WSD FDT  1   0  WSD TRT  0   0  WSD FDT  2   0  WSD TRT  0   0  WSD FDT  0   0  WSD FDT  0   0  
 3  3  WPTL  5  8   PKAT   -  -  -  -  -  -   -  -  - 
WSD FDT  1   0  WSD TRT  0   0  WSD FDT  2   0  WSD TRT  0   0  WSD FDT  0   0  WSD FDT  0   0  
 3  3  WPTL  5  8   PKAT   -  -  -  -  -  -   -  -  - 
LCP FDT  1   0  WSD TRT  0   0  WSD FDT  2   0  WSD TRT  0   0  WSD FDT  0   0  WSD FDT  0   0  
 3  3  WPTL  5  8   PKAT   -  -  -  -  -  -   -  -  - 
LCP FDT  1   0  WSD TRT  0   0  WSD FDT  2   0  WSD TRT  0   0  WSD FDT  0   0  WSD FDT  0   0  
 3  3  WPTL  5  8   PKAT   -  -  -  -  -  -   -  -  - 
LCP FDT  1   0  WSD TRT  0   0  WSD FDT  2   0  WSD TRT  0   0  WSD FDT  0   0  WSD FDT  0   0  
 3  3  WPTL  5  8   PKAT   -  -  -  -  -  -   -  -  - 
LCP FDT  1   0  WSD TRT  0   0  WSD FDT  2   0  WSD TRT  0   0  WSD FDT  0   0  WSD FDT  0   0  
 3  3  WPTL  5  8   PKAT   -  -  -  -  -  -   -  -  - 
LCP FDT  1   0  WSD TRT  0   0  WSD FDT  2   0  ATT TRT  0   0  WSD FDT  0   0  WSD FDT  0   0  
 3  3  WPTL  5  8   PKAT   -  -  -  -  -  -   -  -  - 
LCP FDT  1   0  WSD TRT  0   0  WSD FDT  2   0  ATT TRT  0   0  WSD FDT  0   0  WSD FDT  0   0  
 3  3  APLH  5  8   PKAT   -  -  -  -  -  -   -  -  - 
LCP FDT  1   0  WSD TRT  0   0  WSD FDT  2   0  ATT TRT  0   0  WSD FDT  0   0  WSD FDT  0   0  
 3  3  APLH  5  8   PKAT   -  -  -  -  -  -   -  -  - 
LCP FDT  1   0  WSD TRT  0   0  WSD FDT  2   0  ATT TRT  0   0  WSD FDT  0   0  WSD FDT  0   0  
 3  3  APLH  5  8   PKAT   -  -  -  -  -  -   -  -  - 
LCP FDT  1   0  ATT TRT  0   0  WSD FDT  2   0  ATT TRT  0   0  WSD FDT  0   0  WSD FDT  0   0  
 3  3  APLH  5  8   PKAT   -  -  -  -  -  -   -  -  - 
LCP FDT  1   0  ATT TRT  0   0  WSD FDT  2   0  ATT TRT  0   0  WSD FDT  0   0  EAT FDT  0   0  
 3  3  APLH  5  8   PKAT   -  -  -  -  -  -   -  -  - 
LCP FDT  1   0  ATT TRT  0   0  LCP FDT  2   0  ATT TRT  0   0  WSD FDT  0   0  EAT FDT  0   0  
 3  3  APLH  5  8   PKAT   -  -  -  -  -  -   -  -  - 
LCP FDT  1   0  ATT TRT  0   0  LCP FDT  2   0  ATT TRT  0   0  EAT FDT  0   0  EAT FDT  0   0  
 3  3  APLH  5  8   PKAT   4  -  -  -  -  -   -  -  - 
LCP FDT  1   0  ATT TRT  0   0  LCP FDT  2   0  ATT TRT  0   0  EAT FDT  0   0  EAT FDT  0   0  
 3  2  APLH  5  8   PKAT   4  -  -  -  -  -   -  -  - 
LCP FDT  1   0  ATT TRT  0   0  LCP FDT  2   0  ATT TRT  0   0  EAT FDT  0   0  EAT FDT  0   0  
 3  2  APLH  5  8   PKAT   4  -  -  -  -  -   -  -  - 
LCP FDT  1   0  ATT TRT  0   0  LCP FDT  2   0  ATT TRT  0   0  EAT FDT  0   0  EAT FDT  0   0  
 3  2  ALCB  5  8   PKAT   4  -  -  -  -  -   -  -  - 
LCP FDT  1   0  ATT TRT  0   0  LCP FDT  2   0  ATT TRT  0   0  EAT FDT  0   0  EAT FDT  0   0  
 3  2  ALCB  5  8   PKAT   4  2  -  -  -  -   -  -  - 
LCP FDT  1   0  ATT TRT  0   0  LCP FDT  2   0  ATT TRT  0   0  EAT FDT  0   0  EAT FDT  0   0  
 3  2  ALCB  6  8   PKAT   4  2  -  -  -  -   -  -  - 
LCP FDT  1   0  ATT TRT  0   0  LCP FDT  2   0  ATT TRT  0   0  EAT FDT  0   0  EAT FDT  0   0  
 3  2  ALCB  6  8   PKAT   4  2  -  -  -  -   -  -  - 
LCP FDT  1   0  ATT TRT  0   0  LCP FDT  2   0  ATT TRT  0   0  EAT FDT  0   0  EAT FDT  0   0  
 3  2  APLH  6  8   PKAT   4  2  -  -  -  -   -  -  - 
LCP FDT  1   0  ATT TRT  0   0  LCP FDT  2   0  ATT TRT  0   0  EAT FDT  0   0  EAT FDT  0   0  
 3  2  APLH  6  8   PKAT   4  2  -  -  -  -   -  -  - 
LCP FDT  1   1  ATT TRT  0   0  LCP FDT  2   0  ATT TRT  0   0  EAT FDT  0   0  EAT FDT  0   0  
 3  1  APLH  6  8   PKAT   4  2  -  -  -  -   -  -  - 
LCP FDT  1   1  ATT TRT  0   0  LCP FDT  2   0  ATT TRT  0   0  EAT FDT  0   0  EAT FDT  0   0  
 3  1  APLH  6  8   PKAT   4  2  -  -  -  -   -  -  - 
EAT FDT  1   1  ATT TRT  0   0  LCP FDT  2   0  ATT TRT  0   0  EAT FDT  0   0  EAT FDT  0   0  
 3  1  APLH  6  8   PKAT   4  2  -  -  -  -   -  -  - 
EAT FDT  1   1  ATT TRT  0   0  LCP FDT  2   0  ATT TRT  0   0  EAT FDT  0   0  EAT FDT  0   0  
 3  1  ALCB  6  8   PKAT   4  2  -  -  -  -   -  -  - 
EAT FDT  1   1  ATT TRT  0   0  LCP FDT  2   0  ATT TRT  0   0  EAT FDT  0   0  EAT FDT  0   0  
 3  1  ALCB  7  8   PKAT   4  2  -  -  -  -   -  -  - 
EAT FDT  1   1  ATT TRT  0   0  LCP FDT  2   0  ATT TRT  0   0  EAT FDT  0   0  EAT FDT  0   0  
 3  1  ALCB  7  8   PKAT   4  2  -  -  -  -   -  -  - 
EAT FDT  1   1  ATT TRT  0   0  LCP FDT  2   0  ATT TRT  0   0  EAT FDT  0   0  EAT FDT  0   0  
 3  1  APLH  7  8   PKAT   4  2  -  -  -  -   -  -  - 
EAT FDT  1   1  ATT TRT  0   0  LCP FDT  2   0  ATT TRT  0   0  EAT FDT  0   0  EAT FDT  0   0  
 3  1  APLH  7  8   PKAT   4  2  -  -  -  -   -  -  - 
EAT FDT  1   1  ATT TRT  0   0  LCP FDT  2   1  ATT TRT  0   0  EAT FDT  0   0  EAT FDT  0   0  
 3  1  APLH  7  8   PKAT   4  2  -  -  -  -   -  -  - 
EAT FDT  1   1  ATT TRT  0   0  LCP FDT  2   1  ATT TRT  0   0  EAT FDT  0   0  EAT FDT  0   0  
 3  0  APLH  7  8   PKAT   4  2  -  -  -  -   -  -  - 
EAT FDT  1   1  ATT TRT  0   0  LCP FDT  2   1  ATT TRT  0   0  EAT FDT  0   0  EAT FDT  0   0  
 3  0  APLH  7  8   PKAT   4  2  -  -  -  -   -  -  - 
EAT FDT  1   1  ATT TRT  0   0  LCP FDT  2   1  ATT TRT  0   0  EAT FDT  0   0  EAT FDT  0   0  
 3  0  ALCB  7  8   PKAT   4  2  -  -  -  -   -  -  - 
EAT FDT  1   1  ATT TRT  0   0  LCP FDT  2   1  ATT TRT  0   0  EAT FDT  0   0  EAT FDT  0   0  
 3  0  ALCB  8  8   PKAT   4  2  -  -  -  -   -  -  - 
EAT FDT  1   1  ATT TRT  0   0  LCP FDT  2   1  ATT TRT  0   0  EAT FDT  0   0  EAT FDT  0   0  
 3  0  ALCB  8  8   PKAT   4  2  -  -  -  -   -  -  - 
EAT FDT  1   1  ATT TRT  0   0  LCP FDT  2   1  ATT TRT  0   0  EAT FDT  0   0  EAT FDT  0   0  
 3  0  APLH  8  8   PKAT   4  2  -  -  -  -   -  -  - 
EAT FDT  1   1  ATT TRT  0   0  LCP FDT  2   1  ATT TRT  0   0  EAT FDT  0   0  EAT FDT  0   0  
 3  0  APLH  8  8   PKAT   4  2  -  -  -  -   -  -  - 
EAT FDT  1   1  ATT TRT  0   0  LCP FDT  2   2  ATT TRT  0   0  EAT FDT  0   0  EAT FDT  0   0  
 3  0  APLH  8  8   PKAT   4  2  -  -  -  -   -  -  - 
EAT FDT  1   1  ATT TRT  0   0  EAT FDT  2   2  ATT TRT  0   0  EAT FDT  0   0  EAT FDT  0   0  
 3  0  APLH  8  8   PKAT   4  2  -  -  -  -   -  -  - 
EAT FDT  1   1  ATT TRT  0   0  EAT FDT  2   2  ATT TRT  0   0  EAT FDT  0   0  EAT FDT  0   0  
 3  0  WPTL  8  8   PKAT   4  2  -  -  -  -   -  -  - 
EAT FDT  1   1  ATT TRT  0   0  EAT FDT  2   2  ATT TRT  0   0  EAT FDT  0   0  EAT FDT  0   0  
 3  0  WPTL  8  8   PKAT   4  2  -  -  -  -   -  -  - 
EAT FDT  1   1  ATT TRT  0   0  EAT FDT  2   2  ATT TRT  0   0  EAT FDT  0   0  EAT FDT  0   0  
 3  0  WPTL  8  8   DRFW   4  2  -  -  -  -   -  -  - 
EAT FDT  1   1  ATT TRT  0   0  EAT FDT  2   2  ATT TRT  0   0  EAT FDT  0   0  EAT FDT  0   0  
 3  0  WPTL  8  8   DRFW   4  2  -  -  -  -   -  -  - 
EAT FDT  1   1  ATT TRT  0   0  EAT FDT  2   2  TRT TRT  0   0  EAT FDT  0   0  EAT FDT  0   0  
 3  0  WPTL  8  8   DRFW   4  2  -  -  -  -   -  -  - 
EAT FDT  1   1  TRT TRT  0   0  EAT FDT  2   2  TRT TRT  0   0  EAT FDT  0   0  EAT FDT  0   0  
 3  0  WPTL  8  8   DRFW   4  -  -  -  -  -   -  -  - 
EAT FDT  1   1  TRT TRT  0   0  EAT FDT  2   2  TRT TRT  0   0  EAT FDT  0   0  EAT FDT  0   0  
 3  0  WPTL  8  8   PKDT   4  -  -  -  -  -   -  -  - 
EAT FDT  1   1  TRT TRT  0   0  EAT FDT  2   2  TRT TRT  0   0  EAT FDT  0   0  EAT FDT  0   0  
 3  0  WPTL  8  8   PKDT   4  -  -  -  -  -   2  -  - 
EAT FDT  1   1  TRT TRT  0   0  EAT FDT  2   2  TRT TRT  0   0  EAT FDT  0   0  EAT FDT  0   0  
 3  0  WPTL  8  8   PKDT   -  -  -  -  -  -   2  -  - 
EAT FDT  1   1  TRT TRT  0   0  EAT FDT  2   2  TRT TRT  0   0  EAT FDT  0   0  EAT FDT  0   0  
 3  0  WPTL  8  8   PKDT   -  -  -  -  -  -   2  -  - 
EAT FDT  1   1  DTT TRT  0   0  EAT FDT  2   2  TRT TRT  0   0  EAT FDT  0   0  EAT FDT  0   0  
 3  0  WPTL  8  8   PKDT   -  -  -  -  -  -   2  4  - 
EAT FDT  1   1  DTT TRT  0   0  EAT FDT  2   2  TRT TRT  0   0  EAT FDT  0   0  EAT FDT  0   0  
 3  0  WPTL  8  8   PKDT   -  -  -  -  -  -   -  4  - 
EAT FDT  1   1  DTT TRT  0   0  EAT FDT  2   2  TRT TRT  0   0  EAT FDT  0   0  EAT FDT  0   0  
 3  0  WPTL  8  8   PKDT   -  -  -  -  -  -   -  4  - 
EAT FDT  1   1  DTT TRT  0   0  EAT FDT  2   2  DTT TRT  0   0  EAT FDT  0   0  EAT FDT  0   0  
 3  0  WPTL  8  8   PKDT   -  -  -  -  -  -   -  4  - 
EAT FDT  1   1  EDT TRT  0   0  EAT FDT  2   2  DTT TRT  0   0  EAT FDT  0   0  EAT FDT  0   0  
 3  0  WPTL  8  8   PKDT   -  -  -  -  -  -   -  -  - 
EAT FDT  1   1  EDT TRT  0   0  EAT FDT  2   2  DTT TRT  0   0  EAT FDT  0   0  EAT FDT  0   0  
 3  0  WPTL  8  8   PKDT   -  -  -  -  -  -   -  -  - 
EAT FDT  1   1  EDT TRT  0   0  EAT FDT  2   2  EDT TRT  0   0  EAT FDT  0   0  EAT FDT  0   0  
 3  0  WPTL  8  8   DRBW   -  -  -  -  -  -   -  -  - 
EAT FDT  1   1  EDT TRT  0   0  EAT FDT  2   2  EDT TRT  0   0  EAT FDT  0   0  EAT FDT  0   0  
 3  0  WPTL  8  8   PKAT   -  -  -  -  -  -   -  -  - 
EAT FDT  1   1  EDT TRT  0   0  EAT FDT  2   2  EDT TRT  0   0  EAT FDT  0   0  EAT FDT  0   0  
 3  0  WPTL  8  8   PKAT   -  -  -  -  -  -   -  -  - 
EAT FDT  1   1  EDT TRT  0   0  EAT FDT  2   2  EDT TRT  0   0  EAT FDT  0   0  EAT FDT  0   0  
 3  0  WPTL  8  8   PKAT   -  -  -  -  -  -   -  -  - 
EAT FDT  1   1  EDT TRT  0   0  EAT FDT  2   2  EDT TRT  0   0  EAT FDT  0   0  EAT FDT  0   0  
 4  4  WPTL  8  8   PKAT   -  -  -  -  -  -   -  -  - 
EAT FDT  1   1  EDT TRT  0   0  EAT FDT  2   2  EDT TRT  0   0  EAT FDT  0   0  EAT FDT  0   0  
 4  4  WPTL  8  8   PKAT   -  -  -  -  -  -   -  -  - 
WSD TRT  1   0  EDT TRT  0   0  EAT FDT  2   2  EDT TRT  0   0  EAT FDT  0   0  EAT FDT  0   0  
 4  4  WPTL  8  8   PKAT   -  -  -  -  -  -   -  -  - 
WSD TRT  1   0  EDT TRT  0   0  WSD TRT  0   0  EDT TRT  0   0  EAT FDT  0   0  EAT FDT  0   0  
 4  4  WPTL  8  8   PKAT   -  -  -  -  -  -   -  -  - 
WSD TRT  1   0  WSD FDT  2   0  WSD TRT  0   0  EDT TRT  0   0  EAT FDT  0   0  EAT FDT  0   0  
 4  4  WPTL  8  8   PKAT   -  -  -  -  -  -   -  -  - 
WSD TRT  1   0  WSD FDT  2   0  WSD TRT  0   0  WSD FDT  1   0  EAT FDT  0   0  EAT FDT  0   0  
 4  4  WPTL  8  8   PKAT   -  -  -  -  -  -   -  -  - 
WSD TRT  1   0  WSD FDT  2   0  WSD TRT  0   0  WSD FDT  1   0  WSD TRT  1   0  EAT FDT  0   0  
 4  4  WPTL  8  8   PKAT   -  -  -  -  -  -   -  -  - 
WSD TRT  1   0  WSD FDT  2   0  WSD TRT  0   0  WSD FDT  1   0  WSD TRT  1   0  WSD TRT  0   0  
 4  4  WPTL  8  8   PKAT   -  -  -  -  -  -   -  -  - 
WSD TRT  1   0  WSD FDT  2   0  WSD TRT  0   0  WSD FDT  1   0  WSD TRT  1   0  WSD TRT  0   0  
 4  4  WPTL  8  8   PKAT   -  -  -  -  -  -   -  -  - 
WSD TRT  1   0  WSD FDT  2   0  WSD TRT  0   0  WSD FDT  1   0  WSD TRT  1   0  WSD TRT  0   0  
 4  4  WPTL  8  8   PKAT   -  -  -  -  -  -   -  -  - 
WSD TRT  1   0  WSD FDT  2   0  WSD TRT  0   0  WSD FDT  1   0  WSD TRT  1   0  WSD TRT  0   0  
 4  4  WPTL  8  8   PKAT   -  -  -  -  -  -   -  -  - 
WSD TRT  1   0  WSD FDT  2   0  WSD TRT  0   0  WSD FDT  1   0  WSD TRT  1   0  WSD TRT  0   0  
 4  4  WPTL  8  8   PKAT   -  -  -  -  -  -   -  -  - 
WSD TRT  1   0  WSD FDT  2   0  WSD TRT  0   0  WSD FDT  1   0  WSD TRT  1   0  WSD TRT  0   0  
 4  4  WPTL  8  8   PKAT   -  -  -  -  -  -   -  -  - 
WSD TRT  1   0  WSD FDT  2   0  WSD TRT  0   0  LCP FDT  1   0  WSD TRT  1   0  WSD TRT  0   0  
 4  4  WPTL  8  8   PKAT   -  -  -  -  -  -   -  -  - 
WSD TRT  1   0  LCP FDT  2   0  WSD TRT  0   0  LCP FDT  1   0  WSD TRT  1   0  WSD TRT  0   0  
 4  4  WPTL  8  8   PKAT   -  -  -  -  -  -   -  -  - 
ATT TRT  1   0  LCP FDT  2   0  WSD TRT  0   0  LCP FDT  1   0  WSD TRT  1   0  WSD TRT  0   0  
 4  4  WPTL  8  8   PKAT   -  -  -  -  -  -   -  -  - 
ATT TRT  1   0  LCP FDT  2   0  ATT TRT  0   0  LCP FDT  1   0  WSD TRT  1   0  WSD TRT  0   0  
 4  4  APLH  8  8   PKAT   -  -  -  -  -  -   -  -  - 
ATT TRT  1   0  LCP FDT  2   0  ATT TRT  0   0  LCP FDT  1   0  WSD TRT  1   0  WSD TRT  0   0  
 4  4  APLH  8  8   PKAT   -  -  -  -  -  -   -  -  - 
ATT TRT  1   0  LCP FDT  2   0  ATT TRT  0   0  LCP FDT  1   0  WSD TRT  1   0  WSD TRT  0   0  
 4  4  APLH  8  8   PKAT   -  -  -  -  -  -   -  -  - 
ATT TRT  1   0  LCP FDT  2   0  ATT TRT  0   0  LCP FDT  1   0  ATT TRT  1   0  WSD TRT  0   0  
 4  4  APLH  8  8   PKAT   1  -  -  -  -  -   -  -  - 
ATT TRT  1   0  LCP FDT  2   0  ATT TRT  0   0  LCP FDT  1   0  ATT TRT  1   0  WSD TRT  0   0  
 4  4  APLH  8  8   PKAT   1  -  -  -  -  -   -  -  - 
ATT TRT  1   0  LCP FDT  2   0  ATT TRT  0   0  LCP FDT  1   0  ATT TRT  1   0  ATT TRT  0   0  
 4  4  APLH  8  8   PKAT   1  3  -  -  -  -   -  -  - 
ATT TRT  1   0  LCP FDT  2   0  ATT TRT  0   0  LCP FDT  1   0  ATT TRT  1   0  ATT TRT  0   0  
 4  3  APLH  8  8   PKAT   1  3  -  -  -  -   -  -  - 
ATT TRT  1   0  LCP FDT  2   0  ATT TRT  0   0  LCP FDT  1   0  ATT TRT  1   0  ATT TRT  0   0  
 4  3  APLH  8  8   PKAT   1  3  5  -  -  -   -  -  - 
ATT TRT  1   0  LCP FDT  2   0  ATT TRT  0   0  LCP FDT  1   0  ATT TRT  1   0  ATT TRT  0   0  
 4  3  APLH  8  8   PKAT   1  3  5  -  -  -   -  -  - 
ATT TRT  1   0  LCP FDT  2   0  ATT TRT  0   0  LCP FDT  1   0  ATT TRT  1   0  ATT TRT  0   0  
 4  3  APLH  8  8   DRFW   1  3  5  -  -  -   -  -  - 
ATT TRT  1   0  LCP FDT  2   0  ATT TRT  0   0  LCP FDT  1   0  ATT TRT  1   0  ATT TRT  0   0  
 4  3  APLH  8  8   DRFW   1  3  5  6  -  -   -  -  - 
ATT TRT  1   0  LCP FDT  2   0  ATT TRT  0   0  LCP FDT  1   0  ATT TRT  1   0  ATT TRT  0   0  
 4  3  ASTR  8  8   DRFW   1  3  5  6  -  -   -  -  - 
ATT TRT  1   0  LCP FDT  2   0  ATT TRT  0   0  LCP FDT  1   0  ATT TRT  1   0  ATT TRT  0   0  
 4  3  ASTR  8  8   DRFW   1  3  5  6  -  -   -  -  - 
TRT TRT  1   0  LCP FDT  2   0  ATT TRT  0   0  LCP FDT  1   0  ATT TRT  1   0  ATT TRT  0   0  
 4  3  ASTR  8  8   DRFW   1  3  5  6  -  -   -  -  - 
TRT TRT  1   0  LCP FDT  2   0  TRT TRT  0   0  LCP FDT  1   0  ATT TRT  1   0  ATT TRT  0   0  
 4  3  ASTR  8  9   DRFW   1  3  5  6  -  -   -  -  - 
TRT TRT  1   0  LCP FDT  2   0  TRT TRT  0   0  LCP FDT  1   0  ATT TRT  1   0  ATT TRT  0   0  
 4  3  ASTR  8  9   PKDT   1  3  5  6  -  -   -  -  - 
TRT TRT  1   0  LCP FDT  2   0  TRT TRT  0   0  LCP FDT  1   0  ATT TRT  1   0  ATT TRT  0   0  
 4  3  APLH  8  9   PKDT   1  3  5  6  -  -   -  -  - 
TRT TRT  1   0  LCP FDT  2   0  TRT TRT  0   0  LCP FDT  1   0  ATT TRT  1   0  ATT TRT  0   0  
 4  3  APLH  8  9   PKDT   3  5  6  -  -  -   -  -  - 
TRT TRT  1   0  LCP FDT  2   0  TRT TRT  0   0  LCP FDT  1   0  ATT TRT  1   0  ATT TRT  0   0  
 4  3  APLH  8  9   PKDT   3  5  6  -  -  -   1  -  - 
TRT TRT  1   0  LCP FDT  2   0  TRT TRT  0   0  LCP FDT  1   0  ATT TRT  1   0  ATT TRT  0   0  
 4  2  APLH  8  9   PKDT   3  5  6  -  -  -   1  -  - 
TRT TRT  1   0  LCP FDT  2   0  TRT TRT  0   0  LCP FDT  1   0  ATT TRT  1   0  ATT TRT  0   0  
 4  2  APLH  8  9   PKDT   5  6  -  -  -  -   1  -  - 
TRT TRT  1   0  LCP FDT  2   0  TRT TRT  0   0  LCP FDT  1   0  ATT TRT  1   0  ATT TRT  0   0  
 4  2  APLH  8  9   PKDT   5  6  -  -  -  -   1  -  - 
DTT TRT  1   0  LCP FDT  2   0  TRT TRT  0   0  LCP FDT  1   0  ATT TRT  1   0  ATT TRT  0   0  
 4  2  APLH  8  9   PKDT   5  6  -  -  -  -   1  -  - 
DTT TRT  1   0  LCP FDT  2   0  TRT TRT  0   0  LCP FDT  1   0  ATT TRT  1   0  ATT TRT  0   0  
 4  2  APLH  8  9   PKDT   5  6  -  -  -  -   1  3  - 
DTT TRT  1   0  LCP FDT  2   0  TRT TRT  0   0  LCP FDT  1   0  ATT TRT  1   0  ATT TRT  0   0  
 4  2  ALCB  8  9   PKDT   5  6  -  -  -  -   1  3  - 
DTT TRT  1   0  LCP FDT  2   0  TRT TRT  0   0  LCP FDT  1   0  ATT TRT  1   0  ATT TRT  0   0  
 4  2  ALCB  8  9   PKDT   5  6  -  -  -  -   1  3  - 
DTT TRT  1   0  LCP FDT  2   0  DTT TRT  0   0  LCP FDT  1   0  ATT TRT  1   0  ATT TRT  0   0  
 4  2  ALCB  8  9   PKDT   5  6  -  -  -  -   -  3  - 
DTT TRT  1   0  LCP FDT  2   0  DTT TRT  0   0  LCP FDT  1   0  ATT TRT  1   0  ATT TRT  0   0  
 4  2  ALCB  9  9   PKDT   5  6  -  -  -  -   -  3  - 
DTT TRT  1   0  LCP FDT  2   0  DTT TRT  0   0  LCP FDT  1   0  ATT TRT  1   0  ATT TRT  0   0  
 4  2  ALCB  9  9   PKDT   5  6  -  -  -  -   -  -  - 
DTT TRT  1   0  LCP FDT  2   0  DTT TRT  0   0  LCP FDT  1   0  ATT TRT  1   0  ATT TRT  0   0  
 4  2  ALCB  9  9   PKDT   5  6  -  -  -  -   -  -  - 
EDT TRT  1   0  LCP FDT  2   0  DTT TRT  0   0  LCP FDT  1   0  ATT TRT  1   0  ATT TRT  0   0  
 4  2  ALCB  9  9   PKDT   5  6  -  -  -  -   -  -  - 
EDT TRT  1   0  LCP FDT  2   0  DTT TRT  0   0  LCP FDT  1   0  ATT TRT  1   0  ATT TRT  0   0  
 4  2  APLH  9  9   PKDT   5  6  -  -  -  -   -  -  - 
EDT TRT  1   0  LCP FDT  2   0  DTT TRT  0   0  LCP FDT  1   0  ATT TRT  1   0  ATT TRT  0   0  
 4  2  APLH  9  9   DRBW   5  6  -  -  -  -   -  -  - 
EDT TRT  1   0  LCP FDT  2   0  DTT TRT  0   0  LCP FDT  1   0  ATT TRT  1   0  ATT TRT  0   0  
 4  2  APLH  9  9   DRBW   5  6  -  -  -  -   -  -  - 
EDT TRT  1   0  LCP FDT  2   0  EDT TRT  0   0  LCP FDT  1   0  ATT TRT  1   0  ATT TRT  0   0  
 4  2  APLH  9  9   DRBW   5  6  -  -  -  -   -  -  - 
EDT TRT  1   0  LCP FDT  2   1  EDT TRT  0   0  LCP FDT  1   0  ATT TRT  1   0  ATT TRT  0   0  
 4  2  APLH  9  9   DRBW   5  6  -  -  -  -   -  -  - 
EDT TRT  1   0  LCP FDT  2   1  EDT TRT  0   0  LCP FDT  1   0  ATT TRT  1   0  ATT TRT  0   0  
 4  2  APLH  9  9   PKAT   5  6  -  -  -  -   -  -  - 
EDT TRT  1   0  LCP FDT  2   1  EDT TRT  0   0  LCP FDT  1   0  ATT TRT  1   0  ATT TRT  0   0  
 4  1  APLH  9  9   PKAT   5  6  -  -  -  -   -  -  - 
EDT TRT  1   0  LCP FDT  2   1  EDT TRT  0   0  LCP FDT  1   0  ATT TRT  1   0  ATT TRT  0   0  
 4  1  APLH  9  9   PKAT   5  6  -  -  -  -   -  -  - 
EDT TRT  1   0  LCP FDT  2   1  EDT TRT  0   0  LCP FDT  1   0  ATT TRT  1   0  ATT TRT  0   0  
 4  1  APLH  9  9   PKAT   5  6  -  -  -  -   -  -  - 
EDT TRT  1   0  LCP FDT  2   1  EDT TRT  0   0  LCP FDT  1   0  ATT TRT  1   0  ATT TRT  0   0  
 4  1  ALCB  9  9   PKAT   5  6  -  -  -  -   -  -  - 
EDT TRT  1   0  LCP FDT  2   1  EDT TRT  0   0  LCP FDT  1   0  ATT TRT  1   0  ATT TRT  0   0  
 4  1  ALCB 10  9   PKAT   5  6  -  -  -  -   -  -  - 
EDT TRT  1   0  LCP FDT  2   1  EDT TRT  0   0  LCP FDT  1   0  ATT TRT  1   0  ATT TRT  0   0  
 4  1  ALCB 10  9   PKAT   5  6  -  -  -  -   -  -  - 
EDT TRT  1   0  LCP FDT  2   1  EDT TRT  0   0  LCP FDT  1   0  ATT TRT  1   0  ATT TRT  0   0  
 4  1  APLH 10  9   PKAT   5  6  -  -  -  -   -  -  - 
EDT TRT  1   0  LCP FDT  2   1  EDT TRT  0   0  LCP FDT  1   0  ATT TRT  1   0  ATT TRT  0   0  
 4  1  APLH 10  9   PKAT   5  6  -  -  -  -   -  -  - 
EDT TRT  1   0  LCP FDT  2   2  EDT TRT  0   0  LCP FDT  1   0  ATT TRT  1   0  ATT TRT  0   0  
 4  1  APLH 10  9   PKAT   5  6  -  -  -  -   -  -  - 
EDT TRT  1   0  EAT FDT  2   2  EDT TRT  0   0  LCP FDT  1   0  ATT TRT  1   0  ATT TRT  0   0  
 4  0  APLH 10  9   PKAT   5  6  -  -  -  -   -  -  - 
EDT TRT  1   0  EAT FDT  2   2  EDT TRT  0   0  LCP FDT  1   0  ATT TRT  1   0  ATT TRT  0   0  
 4  0  APLH 10  9   PKAT   5  6  -  -  -  -   -  -  - 
EDT TRT  1   0  EAT FDT  2   2  EDT TRT  0   0  LCP FDT  1   0  ATT TRT  1   0  ATT TRT  0   0  
 4  0  ALCB 10  9   PKAT   5  6  -  -  -  -   -  -  - 
EDT TRT  1   0  EAT FDT  2   2  EDT TRT  0   0  LCP FDT  1   0  ATT TRT  1   0  ATT TRT  0   0  
 4  0  ALCB 11  9   PKAT   5  6  -  -  -  -   -  -  - 
EDT TRT  1   0  EAT FDT  2   2  EDT TRT  0   0  LCP FDT  1   0  ATT TRT  1   0  ATT TRT  0   0  
 4  0  ALCB 11  9   PKAT   5  6  -  -  -  -   -  -  - 
EDT TRT  1   0  EAT FDT  2   2  EDT TRT  0   0  LCP FDT  1   0  ATT TRT  1   0  ATT TRT  0   0  
 4  0  APLH 11  9   PKAT   5  6  -  -  -  -   -  -  - 
EDT TRT  1   0  EAT FDT  2   2  EDT TRT  0   0  LCP FDT  1   0  ATT TRT  1   0  ATT TRT  0   0  
 4  0  APLH 11  9   PKAT   5  6  -  -  -  -   -  -  - 
EDT TRT  1   0  EAT FDT  2   2  EDT TRT  0   0  LCP FDT  1   1  ATT TRT  1   0  ATT TRT  0   0  
 4  0  APLH 11  9   PKAT   5  6  -  -  -  -   -  -  - 
EDT TRT  1   0  EAT FDT  2   2  EDT TRT  0   0  EAT FDT  1   1  ATT TRT  1   0  ATT TRT  0   0  
 4  0  APLH 11  9   PKAT   5  6  -  -  -  -   -  -  - 
EDT TRT  1   0  EAT FDT  2   2  EDT TRT  0   0  EAT FDT  1   1  ATT TRT  1   0  ATT TRT  0   0  
 4  0  WPTL 11  9   PKAT   5  6  -  -  -  -   -  -  - 
EDT TRT  1   0  EAT FDT  2   2  EDT TRT  0   0  EAT FDT  1   1  ATT TRT  1   0  ATT TRT  0   0  
 4  0  WPTL 11  9   PKAT   5  6  -  -  -  -   -  -  - 
EDT TRT  1   0  EAT FDT  2   2  EDT TRT  0   0  EAT FDT  1   1  ATT TRT  1   0  ATT TRT  0   0  
 4  0  WPTL 11  9   PKAT   5  6  -  -  -  -   -  -  - 
EDT TRT  1   0  EAT FDT  2   2  EDT TRT  0   0  EAT FDT  1   1  TRT TRT  1   0  ATT TRT  0   0  
 4  0  WPTL 11  9   DRFW   5  6  -  -  -  -   -  -  - 
EDT TRT  1   0  EAT FDT  2   2  EDT TRT  0   0  EAT FDT  1   1  TRT TRT  1   0  ATT TRT  0   0  
 4  0  WPTL 11  9   DRFW   5  6  -  -  -  -   -  -  - 
EDT TRT  1   0  EAT FDT  2   2  EDT TRT  0   0  EAT FDT  1   1  TRT TRT  1   0  TRT TRT  0   0  
 4  0  WPTL 11  9   DRFW   6  -  -  -  -  -   -  -  - 
EDT TRT  1   0  EAT FDT  2   2  EDT TRT  0   0  EAT FDT  1   1  TRT TRT  1   0  TRT TRT  0   0  
 4  0  WPTL 11  9   DRFW   6  -  -  -  -  -   5  -  - 
EDT TRT  1   0  EAT FDT  2   2  EDT TRT  0   0  EAT FDT  1   1  TRT TRT  1   0  TRT TRT  0   0  
 4  0  WPTL 11  9   DRFW   6  -  -  -  -  -   5  -  - 
EDT TRT  1   0  EAT FDT  2   2  EDT TRT  0   0  EAT FDT  1   1  DTT TRT  1   0  TRT TRT  0   0  
 4  0  WPTL 11  9   PKDT   6  -  -  -  -  -   5  -  - 
EDT TRT  1   0  EAT FDT  2   2  EDT TRT  0   0  EAT FDT  1   1  DTT TRT  1   0  TRT TRT  0   0  
 4  0  WPTL 11  9   PKDT   -  -  -  -  -  -   5  -  - 
EDT TRT  1   0  EAT FDT  2   2  EDT TRT  0   0  EAT FDT  1   1  DTT TRT  1   0  TRT TRT  0   0  
 4  0  WPTL 11  9   PKDT   -  -  -  -  -  -   5  6  - 
EDT TRT  1   0  EAT FDT  2   2  EDT TRT  0   0  EAT FDT  1   1  DTT TRT  1   0  TRT TRT  0   0  
 4  0  WPTL 11  9   PKDT   -  -  -  -  -  -   5  6  - 
EDT TRT  1   0  EAT FDT  2   2  EDT TRT  0   0  EAT FDT  1   1  DTT TRT  1   0  DTT TRT  0   0  
 4  0  WPTL 11  9   PKDT   -  -  -  -  -  -   5  -  - 
EDT TRT  1   0  EAT FDT  2   2  EDT TRT  0   0  EAT FDT  1   1  DTT TRT  1   0  DTT TRT  0   0  
 4  0  WPTL 11  9   PKDT   -  -  -  -  -  -   -  -  - 
EDT TRT  1   0  EAT FDT  2   2  EDT TRT  0   0  EAT FDT  1   1  DTT TRT  1   0  DTT TRT  0   0  
 4  0  WPTL 11  9   PKDT   -  -  -  -  -  -   -  -  - 
EDT TRT  1   0  EAT FDT  2   2  EDT TRT  0   0  EAT FDT  1   1  DTT TRT  1   0  EDT TRT  0   0  
 4  0  WPTL 11  9   PKDT   -  -  -  -  -  -   -  -  - 
EDT TRT  1   0  EAT FDT  2   2  EDT TRT  0   0  EAT FDT  1   1  EDT TRT  1   0  EDT TRT  0   0  
 4  0  WPTL 11  9   DRBW   -  -  -  -  -  -   -  -  - 
EDT TRT  1   0  EAT FDT  2   2  EDT TRT  0   0  EAT FDT  1   1  EDT TRT  1   0  EDT TRT  0   0  
 4  0  WPTL 11  9   PKAT   -  -  -  -  -  -   -  -  - 
EDT TRT  1   0  EAT FDT  2   2  EDT TRT  0   0  EAT FDT  1   1  EDT TRT  1   0  EDT TRT  0   0  
 4  0  WPTL 11  9   PKAT   -  -  -  -  -  -   -  -  - 
EDT TRT  1   0  EAT FDT  2   2  EDT TRT  0   0  EAT FDT  1   1  EDT TRT  1   0  EDT TRT  0   0  
 4  0  WPTL 11  9   PKAT   -  -  -  -  -  -   -  -  - 
EDT TRT  1   0  EAT FDT  2   2  EDT TRT  0   0  EAT FDT  1   1  EDT TRT  1   0  EDT TRT  0   0  
 5  4  WPTL 11  9   PKAT   -  -  -  -  -  -   -  -  - 
EDT TRT  1   0  EAT FDT  2   2  EDT TRT  0   0  EAT FDT  1   1  EDT TRT  1   0  EDT TRT  0   0  
 5  4  WPTL 11  9   PKAT   -  -  -  -  -  -   -  -  - 
WSD TRT  0   0  EAT FDT  2   2  EDT TRT  0   0  EAT FDT  1   1  EDT TRT  1   0  EDT TRT  0   0  
 5  4  WPTL 11  9   PKAT   -  -  -  -  -  -   -  -  - 
WSD TRT  0   0  WSD FDT  1   0  EDT TRT  0   0  EAT FDT  1   1  EDT TRT  1   0  EDT TRT  0   0  
 5  4  WPTL 11  9   PKAT   -  -  -  -  -  -   -  -  - 
WSD TRT  0   0  WSD FDT  1   0  EDT TRT  0   0  WSD FDT  0   0  EDT TRT  1   0  EDT TRT  0   0  
 5  4  WPTL 11  9   PKAT   -  -  -  -  -  -   -  -  - 
WSD TRT  0   0  WSD FDT  1   0  WSD TRT  0   0  WSD FDT  0   0  EDT TRT  1   0  EDT TRT  0   0  
 5  4  WPTL 11  9   PKAT   -  -  -  -  -  -   -  -  - 
WSD TRT  0   0  WSD FDT  1   0  WSD TRT  0   0  WSD FDT  0   0  WSD FDT  2   0  EDT TRT  0   0  
 5  4  WPTL 11  9   PKAT   -  -  -  -  -  -   -  -  - 
WSD TRT  0   0  WSD FDT  1   0  WSD TRT  0   0  WSD FDT  0   0  WSD FDT  2   0  WSD FDT  1   0  
 5  4  WPTL 11  9   PKAT   -  -  -  -  -  -   -  -  - 
WSD TRT  0   0  WSD FDT  1   0  WSD TRT  0   0  WSD FDT  0   0  WSD FDT  2   0  WSD FDT  1   0  
 5  4  WPTL 11  9   PKAT   -  -  -  -  -  -   -  -  - 
WSD TRT  0   0  WSD FDT  1   0  WSD TRT  0   0  WSD FDT  0   0  WSD FDT  2   0  WSD FDT  1   0  
 5  4  WPTL 11  9   PKAT   -  -  -  -  -  -   -  -  - 
ATT TRT  0   0  WSD FDT  1   0  WSD TRT  0   0  WSD FDT  0   0  WSD FDT  2   0  WSD FDT  1   0  
 5  4  WPTL 11  9   PKAT   -  -  -  -  -  -   -  -  - 
ATT TRT  0   0  WSD FDT  1   0  WSD TRT  0   0  WSD FDT  0   0  WSD FDT  2   0  WSD FDT  1   0  
 5  4  WPTL 11  9   PKAT   -  -  -  -  -  -   -  -  - 
ATT TRT  0   0  WSD FDT  1   0  WSD TRT  0   0  WSD FDT  0   0  WSD FDT  2   0  WSD FDT  1   0  
 5  4  WPTL 11  9   PKAT   -  -  -  -  -  -   -  -  - 
ATT TRT  0   0  WSD FDT  1   0  WSD TRT  0   0  WSD FDT  0   0  WSD FDT  2   0  WSD FDT  1   0  
 5  4  WPTL 11  9   PKAT   -  -  -  -  -  -   -  -  - 
ATT TRT  0   0  LCP FDT  1   0  WSD TRT  0   0  WSD FDT  0   0  WSD FDT  2   0  WSD FDT  1   0  
 5  4  APLH 11  9   PKAT   -  -  -  -  -  -   -  -  - 
ATT TRT  0   0  LCP FDT  1   0  WSD TRT  0   0  WSD FDT  0   0  WSD FDT  2   0  WSD FDT  1   0  
 5  4  APLH 11  9   PKAT   -  -  -  -  -  -   -  -  - 
ATT TRT  0   0  LCP FDT  1   0  WSD TRT  0   0  WSD FDT  0   0  WSD FDT  2   0  WSD FDT  1   0  
 5  4  APLH 11  9   PKAT   -  -  -  -  -  -   -  -  - 
ATT TRT  0   0  LCP FDT  1   0  ATT TRT  0   0  WSD FDT  0   0  WSD FDT  2   0  WSD FDT  1   0  
 5  4  APLH 11  9   PKAT   -  -  -  -  -  -   -  -  - 
ATT TRT  0   0  LCP FDT  1   0  ATT TRT  0   0  EAT FDT  0   0  WSD FDT  2   0  WSD FDT  1   0  
 5  4  APLH 11  9   PKAT   -  -  -  -  -  -   -  -  - 
ATT TRT  0   0  LCP FDT  1   0  ATT TRT  0   0  EAT FDT  0   0  LCP FDT  2   0  WSD FDT  1   0  
 5  4  APLH 11  9   PKAT   1  -  -  -  -  -   -  -  - 
ATT TRT  0   0  LCP FDT  1   0  ATT TRT  0   0  EAT FDT  0   0  LCP FDT  2   0  WSD FDT  1   0  
 5  4  APLH 11  9   PKAT   1  -  -  -  -  -   -  -  - 
ATT TRT  0   0  LCP FDT  1   0  ATT TRT  0   0  EAT FDT  0   0  LCP FDT  2   0  LCP FDT  1   0  
 5  3  APLH 11  9   PKAT   1  -  -  -  -  -   -  -  - 
ATT TRT  0   0  LCP FDT  1   0  ATT TRT  0   0  EAT FDT  0   0  LCP FDT  2   0  LCP FDT  1   0  
 5  3  APLH 11  9   DRFW   1  -  -  -  -  -   -  -  - 
ATT TRT  0   0  LCP FDT  1   0  ATT TRT  0   0  EAT FDT  0   0  LCP FDT  2   0  LCP FDT  1   0  
 5  3  APLH 11  9   DRFW   1  -  -  -  -  -   -  -  - 
ATT TRT  0   0  LCP FDT  1   0  ATT TRT  0   0  EAT FDT  0   0  LCP FDT  2   0  LCP FDT  1   0  
 5  3  ALCB 11  9   DRFW   1  -  -  -  -  -   -  -  - 
ATT TRT  0   0  LCP FDT  1   0  ATT TRT  0   0  EAT FDT  0   0  LCP FDT  2   0  LCP FDT  1   0  
 5  3  ALCB 11  9   DRFW   1  3  -  -  -  -   -  -  - 
ATT TRT  0   0  LCP FDT  1   0  ATT TRT  0   0  EAT FDT  0   0  LCP FDT  2   0  LCP FDT  1   0  
 5  3  ALCB 11  9   DRFW   1  3  -  -  -  -   -  -  - 
TRT TRT  0   0  LCP FDT  1   0  ATT TRT  0   0  EAT FDT  0   0  LCP FDT  2   0  LCP FDT  1   0  
 5  3  ALCB 11  9   PKDT   1  3  -  -  -  -   -  -  - 
TRT TRT  0   0  LCP FDT  1   0  ATT TRT  0   0  EAT FDT  0   0  LCP FDT  2   0  LCP FDT  1   0  
 5  3  ALCB 12  9   PKDT   1  3  -  -  -  -   -  -  - 
TRT TRT  0   0  LCP FDT  1   0  ATT TRT  0   0  EAT FDT  0   0  LCP FDT  2   0  LCP FDT  1   0  
 5  3  ALCB 12  9   PKDT   1  3  -  -  -  -   -  -  - 
TRT TRT  0   0  LCP FDT  1   0  ATT TRT  0   0  EAT FDT  0   0  LCP FDT  2   0  LCP FDT  1   0  
 5  3  ALCB 12  9   PKDT   3  -  -  -  -  -   -  -  - 
TRT TRT  0   0  LCP FDT  1   0  ATT TRT  0   0  EAT FDT  0   0  LCP FDT  2   0  LCP FDT  1   0  
 5  3  APLH 12  9   PKDT   3  -  -  -  -  -   -  -  - 
TRT TRT  0   0  LCP FDT  1   0  ATT TRT  0   0  EAT FDT  0   0  LCP FDT  2   0  LCP FDT  1   0  
 5  3  APLH 12  9   PKDT   3  -  -  -  -  -   -  -  - 
TRT TRT  0   0  LCP FDT  1   1  ATT TRT  0   0  EAT FDT  0   0  LCP FDT  2   0  LCP FDT  1   0  
 5  3  APLH 12  9   PKDT   3  -  -  -  -  -   1  -  - 
TRT TRT  0   0  LCP FDT  1   1  ATT TRT  0   0  EAT FDT  0   0  LCP FDT  2   0  LCP FDT  1   0  
 5  3  APLH 12  9   PKDT   3  -  -  -  -  -   1  -  - 
TRT TRT  0   0  EAT FDT  1   1  ATT TRT  0   0  EAT FDT  0   0  LCP FDT  2   0  LCP FDT  1   0  
 5  2  APLH 12  9   PKDT   3  -  -  -  -  -   1  -  - 
TRT TRT  0   0  EAT FDT  1   1  ATT TRT  0   0  EAT FDT  0   0  LCP FDT  2   0  LCP FDT  1   0  
 5  2  APLH 12  9   PKDT   3  -  -  -  -  -   1  -  - 
DTT TRT  0   0  EAT FDT  1   1  ATT TRT  0   0  EAT FDT  0   0  LCP FDT  2   0  LCP FDT  1   0  
 5  2  APLH 12  9   PKDT   3  -  -  -  -  -   1  -  - 
DTT TRT  0   0  EAT FDT  1   1  ATT TRT  0   0  EAT FDT  0   0  LCP FDT  2   0  LCP FDT  1   0  
 5  2  ALCB 12  9   PKDT   3  -  -  -  -  -   1  -  - 
DTT TRT  0   0  EAT FDT  1   1  ATT TRT  0   0  EAT FDT  0   0  LCP FDT  2   0  LCP FDT  1   0  
 5  2  ALCB 12  9   PKDT   3  -  -  -  -  -   -  -  - 
DTT TRT  0   0  EAT FDT  1   1  ATT TRT  0   0  EAT FDT  0   0  LCP FDT  2   0  LCP FDT  1   0  
 5  2  ALCB 13  9   PKDT   3  -  -  -  -  -   -  -  - 
DTT TRT  0   0  EAT FDT  1   1  ATT TRT  0   0  EAT FDT  0   0  LCP FDT  2   0  LCP FDT  1   0  
 5  2  ALCB 13  9   PKDT   3  -  -  -  -  -   -  -  - 
EDT TRT  0   0  EAT FDT  1   1  ATT TRT  0   0  EAT FDT  0   0  LCP FDT  2   0  LCP FDT  1   0  
 5  2  ALCB 13  9   DRBW   3  -  -  -  -  -   -  -  - 
EDT TRT  0   0  EAT FDT  1   1  ATT TRT  0   0  EAT FDT  0   0  LCP FDT  2   0  LCP FDT  1   0  
 5  2  ALCB 13  9   DRBW   3  -  -  -  -  -   -  -  - 
EDT TRT  0   0  EAT FDT  1   1  ATT TRT  0   0  EAT FDT  0   0  LCP FDT  2   0  LCP FDT  1   0  
 5  2  APLH 13  9   DRBW   3  -  -  -  -  -   -  -  - 
EDT TRT  0   0  EAT FDT  1   1  ATT TRT  0   0  EAT FDT  0   0  LCP FDT  2   0  LCP FDT  1   0  
 5  2  APLH 13  9   PKAT   3  -  -  -  -  -   -  -  - 
EDT TRT  0   0  EAT FDT  1   1  ATT TRT  0   0  EAT FDT  0   0  LCP FDT  2   0  LCP FDT  1   0  
 5  2  APLH 13  9   PKAT   3  -  -  -  -  -   -  -  - 
EDT TRT  0   0  EAT FDT  1   1  ATT TRT  0   0  EAT FDT  0   0  LCP FDT  2   1  LCP FDT  1   0  
 5  1  APLH 13  9   PKAT   3  -  -  -  -  -   -  -  - 
EDT TRT  0   0  EAT FDT  1   1  ATT TRT  0   0  EAT FDT  0   0  LCP FDT  2   1  LCP FDT  1   0  
 5  1  APLH 13  9   PKAT   3  -  -  -  -  -   -  -  - 
EDT TRT  0   0  EAT FDT  1   1  ATT TRT  0   0  EAT FDT  0   0  LCP FDT  2   1  LCP FDT  1   0  
 5  1  APLH 13  9   PKAT   3  -  -  -  -  -   -  -  - 
EDT TRT  0   0  EAT FDT  1   1  ATT TRT  0   0  EAT FDT  0   0  LCP FDT  2   1  LCP FDT  1   0  
 5  1  ALCB 13  9   PKAT   3  -  -  -  -  -   -  -  - 
EDT TRT  0   0  EAT FDT  1   1  ATT TRT  0   0  EAT FDT  0   0  LCP FDT  2   1  LCP FDT  1   0  
 5  1  ALCB 13  9   PKAT   3  -  -  -  -  -   -  -  - 
EDT TRT  0   0  EAT FDT  1   1  ATT TRT  0   0  EAT FDT  0   0  LCP FDT  2   1  LCP FDT  1   0  
 5  1  ALCB 14  9   PKAT   3  -  -  -  -  -   -  -  - 
EDT TRT  0   0  EAT FDT  1   1  ATT TRT  0   0  EAT FDT  0   0  LCP FDT  2   1  LCP FDT  1   0  
 5  1  ALCB 14  9   PKAT   3  -  -  -  -  -   -  -  - 
EDT TRT  0   0  EAT FDT  1   1  ATT TRT  0   0  EAT FDT  0   0  LCP FDT  2   1  LCP FDT  1   0  
 5  1  APLH 14  9   PKAT   3  -  -  -  -  -   -  -  - 
EDT TRT  0   0  EAT FDT  1   1  ATT TRT  0   0  EAT FDT  0   0  LCP FDT  2   1  LCP FDT  1   0  
 5  1  APLH 14  9   PKAT   3  -  -  -  -  -   -  -  - 
EDT TRT  0   0  EAT FDT  1   1  ATT TRT  0   0  EAT FDT  0   0  LCP FDT  2   2  LCP FDT  1   0  
 5  0  APLH 14  9   PKAT   3  -  -  -  -  -   -  -  - 
EDT TRT  0   0  EAT FDT  1   1  ATT TRT  0   0  EAT FDT  0   0  LCP FDT  2   2  LCP FDT  1   0  
 5  0  APLH 14  9   PKAT   3  -  -  -  -  -   -  -  - 
EDT TRT  0   0  EAT FDT  1   1  ATT TRT  0   0  EAT FDT  0   0  EAT FDT  2   2  LCP FDT  1   0  
 5  0  APLH 14  9   PKAT   3  -  -  -  -  -   -  -  - 
EDT TRT  0   0  EAT FDT  1   1  ATT TRT  0   0  EAT FDT  0   0  EAT FDT  2   2  LCP FDT  1   0  
 5  0  ALCB 14  9   PKAT   3  -  -  -  -  -   -  -  - 
EDT TRT  0   0  EAT FDT  1   1  ATT TRT  0   0  EAT FDT  0   0  EAT FDT  2   2  LCP FDT  1   0  
 5  0  ALCB 15  9   PKAT   3  -  -  -  -  -   -  -  - 
EDT TRT  0   0  EAT FDT  1   1  ATT TRT  0   0  EAT FDT  0   0  EAT FDT  2   2  LCP FDT  1   0  
 5  0  ALCB 15  9   PKAT   3  -  -  -  -  -   -  -  - 
EDT TRT  0   0  EAT FDT  1   1  ATT TRT  0   0  EAT FDT  0   0  EAT FDT  2   2  LCP FDT  1   0  
 5  0  APLH 15  9   PKAT   3  -  -  -  -  -   -  -  - 
EDT TRT  0   0  EAT FDT  1   1  ATT TRT  0   0  EAT FDT  0   0  EAT FDT  2   2  LCP FDT  1   0  
 5  0  APLH 15  9   PKAT   3  -  -  -  -  -   -  -  - 
EDT TRT  0   0  EAT FDT  1   1  ATT TRT  0   0  EAT FDT  0   0  EAT FDT  2   2  LCP FDT  1   1  
 5  0  APLH 15  9   PKAT   3  -  -  -  -  -   -  -  - 
EDT TRT  0   0  EAT FDT  1   1  ATT TRT  0   0  EAT FDT  0   0  EAT FDT  2   2  LCP FDT  1   1  
 5  0  APLH 15  9   PKAT   3  -  -  -  -  -   -  -  - 
EDT TRT  0   0  EAT FDT  1   1  ATT TRT  0   0  EAT FDT  0   0  EAT FDT  2   2  EAT FDT  1   1  
 5  0  WPTL 15  9   PKAT   3  -  -  -  -  -   -  -  - 
EDT TRT  0   0  EAT FDT  1   1  ATT TRT  0   0  EAT FDT  0   0  EAT FDT  2   2  EAT FDT  1   1  
 5  0  WPTL 15  9   PKAT   3  -  -  -  -  -   -  -  - 
EDT TRT  0   0  EAT FDT  1   1  TRT TRT  0   0  EAT FDT  0   0  EAT FDT  2   2  EAT FDT  1   1  
 5  0  WPTL 15  9   DRFW   3  -  -  -  -  -   -  -  - 
EDT TRT  0   0  EAT FDT  1   1  TRT TRT  0   0  EAT FDT  0   0  EAT FDT  2   2  EAT FDT  1   1  
 5  0  WPTL 15  9   DRFW   -  -  -  -  -  -   -  -  - 
EDT TRT  0   0  EAT FDT  1   1  TRT TRT  0   0  EAT FDT  0   0  EAT FDT  2   2  EAT FDT  1   1  
 5  0  WPTL 15  9   DRFW   -  -  -  -  -  -   3  -  - 
EDT TRT  0   0  EAT FDT  1   1  TRT TRT  0   0  EAT FDT  0   0  EAT FDT  2   2  EAT FDT  1   1  
 5  0  WPTL 15  9   DRFW   -  -  -  -  -  -   3  -  - 
EDT TRT  0   0  EAT FDT  1   1  DTT TRT  0   0  EAT FDT  0   0  EAT FDT  2   2  EAT FDT  1   1  
 5  0  WPTL 15  9   PKDT   -  -  -  -  -  -   3  -  - 
EDT TRT  0   0  EAT FDT  1   1  DTT TRT  0   0  EAT FDT  0   0  EAT FDT  2   2  EAT FDT  1   1  
 5  0  WPTL 15  9   PKDT   -  -  -  -  -  -   -  -  - 
EDT TRT  0   0  EAT FDT  1   1  DTT TRT  0   0  EAT FDT  0   0  EAT FDT  2   2  EAT FDT  1   1  
 5  0  WPTL 15  9   DRBW   -  -  -  -  -  -   -  -  - 
EDT TRT  0   0  EAT FDT  1   1  DTT TRT  0   0  EAT FDT  0   0  EAT FDT  2   2  EAT FDT  1   1  
 5  0  WPTL 15  9   DRBW   -  -  -  -  -  -   -  -  - 
EDT TRT  0   0  EAT FDT  1   1  EDT TRT  0   0  EAT FDT  0   0  EAT FDT  2   2  EAT FDT  1   1  
 5  0  WPTL 15  9   PKAT   -  -  -  -  -  -   -  -  - 
EDT TRT  0   0  EAT FDT  1   1  EDT TRT  0   0  EAT FDT  0   0  EAT FDT  2   2  EAT FDT  1   1  

Final report
N. of passengers which have this airport as their final destination = 15
N. of passengers in transit = 15
N. of bags that should have been transported in the the planes hold = 24
N. of bags that were lost =  0
